#
# A fatal error has been detected by the Java Runtime Environment:
#
#  Internal Error (os_linux_zero.cpp:285), pid=9362, tid=1386148976
#  fatal error: caught unhandled signal 11
#
# JRE version: 6.0_34-b34
# Java VM: OpenJDK Zero VM (23.25-b01 mixed mode linux-arm )
# Derivative: IcedTea6 1.13.6
# Distribution: Debian GNU/Linux 7.8 (wheezy), package 6b34-1.13.6-1~deb7u1+rpi1
# Failed to write core dump. Core dumps have been disabled. To enable core dumping, try "ulimit -c unlimited" before starting Java again
#
# If you would like to submit a bug report, please include
# instructions how to reproduce the bug and visit:
#   http://icedtea.classpath.org/bugzilla
#

---------------  T H R E A D  ---------------

Current thread (0x00abcd38):  VMThread [stack: 0x52951000,0x529f0000] [id=9368]

Stack: [0x52951000,0x529f0000],  sp=0x529ee6ec,  free space=629k
VM_Operation (0x75f8d4a4): GenCollectForAllocation, mode: safepoint, requested by thread 0x00a4d000


---------------  P R O C E S S  ---------------

Java Threads: ( => current thread )
  0x00c943b8 JavaThread "pool-1-thread-1" [_thread_blocked, id=9380, stack(0x51428000,0x515a8000)]
  0x00c87d60 JavaThread "AWT-EventQueue-1" [_thread_blocked, id=9377, stack(0x515a8000,0x51728000)]
  0x520798b8 JavaThread "AWT-Shutdown" [_thread_blocked, id=9376, stack(0x51728000,0x518a8000)]
  0x00c7aaa8 JavaThread "AWT-XAWT" daemon [_thread_in_native, id=9375, stack(0x518a8000,0x51a28000)]
  0x00be7938 JavaThread "Java2D Disposer" daemon [_thread_blocked, id=9374, stack(0x51ad5000,0x51c55000)]
  0x00b0da70 JavaThread "Low Memory Detector" daemon [_thread_blocked, id=9372, stack(0x521d9000,0x52359000)]
  0x00b0bf40 JavaThread "Signal Dispatcher" daemon [_thread_blocked, id=9371, stack(0x52359000,0x524d9000)]
  0x00ac9fb8 JavaThread "Finalizer" daemon [_thread_blocked, id=9370, stack(0x52650000,0x527d0000)]
  0x00ac88e8 JavaThread "Reference Handler" daemon [_thread_blocked, id=9369, stack(0x527d0000,0x52950000)]
  0x00a4d000 JavaThread "main" [_thread_in_vm, id=9367, stack(0x75ecc000,0x7604b000)]

Other Threads:
=>0x00abcd38 VMThread [stack: 0x52951000,0x529f0000] [id=9368]
  0x00b0f768 WatcherThread [stack: 0x5213a000,0x521d9000] [id=9373]

VM state:synchronizing (normal execution)

VM Mutex/Monitor currently owned by a thread:  ([mutex/lock_event])
[0x00a4c140] Safepoint_lock - owner thread: 0x00abcd38
[0x00a4c1a8] Threads_lock - owner thread: 0x00abcd38
[0x00a4c5b8] Heap_lock - owner thread: 0x00a4d000

Heap
 def new generation   total 4480K, used 4187K [0x52d80000, 0x53240000, 0x5c820000)
  eden space 4096K,  99% used [0x52d80000, 0x531784a0, 0x53180000)
  from space 384K,  31% used [0x53180000, 0x5319e870, 0x531e0000)
  to   space 384K,   0% used [0x531e0000, 0x531e0000, 0x53240000)
 tenured generation   total 9984K, used 1726K [0x5c820000, 0x5d1e0000, 0x6fd80000)
   the space 9984K,  17% used [0x5c820000, 0x5c9cfb10, 0x5c9cfc00, 0x5d1e0000)
 compacting perm gen  total 7168K, used 7112K [0x6fd80000, 0x70480000, 0x73d80000)
   the space 7168K,  99% used [0x6fd80000, 0x704723c0, 0x70472400, 0x70480000)
No shared spaces configured.

Card table byte_map: [0x52c77000,0x52d80000] byte_map_base: 0x529e0400

Polling page: 0x76fe0000

Code Cache  [0x73e13000, 0x73e3b000, 0x75e13000)
 total_blobs=182 nmethods=0 adapters=175 free_code_cache=32691Kb largest_free_block=33476224

Compilation events (0 events):
No events

GC Heap History (10 events):
Event: 9.857 GC heap before
{Heap before GC invocations=181 (full 0):
 def new generation   total 4480K, used 4155K [0x52d80000, 0x53240000, 0x5c820000)
  eden space 4096K,  99% used [0x52d80000, 0x5317e7a0, 0x53180000)
  from space 384K,  16% used [0x531e0000, 0x531f0478, 0x53240000)
  to   space 384K,   0% used [0x53180000, 0x53180000, 0x531e0000)
 tenured generation   total 9984K, used 1722K [0x5c820000, 0x5d1e0000, 0x6fd80000)
   the space 9984K,  17% used [0x5c820000, 0x5c9cea70, 0x5c9cec00, 0x5d1e0000)
 compacting perm gen  total 7168K, used 7112K [0x6fd80000, 0x70480000, 0x73d80000)
   the space 7168K,  99% used [0x6fd80000, 0x704723c0, 0x70472400, 0x70480000)
No shared spaces configured.
Event: 9.862 GC heap after
Heap after GC invocations=182 (full 0):
 def new generation   total 4480K, used 66K [0x52d80000, 0x53240000, 0x5c820000)
  eden space 4096K,   0% used [0x52d80000, 0x52d80000, 0x53180000)
  from space 384K,  17% used [0x53180000, 0x53190838, 0x531e0000)
  to   space 384K,   0% used [0x531e0000, 0x531e0000, 0x53240000)
 tenured generation   total 9984K, used 1723K [0x5c820000, 0x5d1e0000, 0x6fd80000)
   the space 9984K,  17% used [0x5c820000, 0x5c9cedf0, 0x5c9cee00, 0x5d1e0000)
 compacting perm gen  total 7168K, used 7112K [0x6fd80000, 0x70480000, 0x73d80000)
   the space 7168K,  99% used [0x6fd80000, 0x704723c0, 0x70472400, 0x70480000)
No shared spaces configured.
}
Event: 9.899 GC heap before
{Heap before GC invocations=182 (full 0):
 def new generation   total 4480K, used 4142K [0x52d80000, 0x53240000, 0x5c820000)
  eden space 4096K,  99% used [0x52d80000, 0x5317b318, 0x53180000)
  from space 384K,  17% used [0x53180000, 0x53190838, 0x531e0000)
  to   space 384K,   0% used [0x531e0000, 0x531e0000, 0x53240000)
 tenured generation   total 9984K, used 1723K [0x5c820000, 0x5d1e0000, 0x6fd80000)
   the space 9984K,  17% used [0x5c820000, 0x5c9cedf0, 0x5c9cee00, 0x5d1e0000)
 compacting perm gen  total 7168K, used 7112K [0x6fd80000, 0x70480000, 0x73d80000)
   the space 7168K,  99% used [0x6fd80000, 0x704723c0, 0x70472400, 0x70480000)
No shared spaces configured.
Event: 9.902 GC heap after
Heap after GC invocations=183 (full 0):
 def new generation   total 4480K, used 118K [0x52d80000, 0x53240000, 0x5c820000)
  eden space 4096K,   0% used [0x52d80000, 0x52d80000, 0x53180000)
  from space 384K,  30% used [0x531e0000, 0x531fda38, 0x53240000)
  to   space 384K,   0% used [0x53180000, 0x53180000, 0x531e0000)
 tenured generation   total 9984K, used 1724K [0x5c820000, 0x5d1e0000, 0x6fd80000)
   the space 9984K,  17% used [0x5c820000, 0x5c9cf170, 0x5c9cf200, 0x5d1e0000)
 compacting perm gen  total 7168K, used 7112K [0x6fd80000, 0x70480000, 0x73d80000)
   the space 7168K,  99% used [0x6fd80000, 0x704723c0, 0x70472400, 0x70480000)
No shared spaces configured.
}
Event: 9.949 GC heap before
{Heap before GC invocations=183 (full 0):
 def new generation   total 4480K, used 4185K [0x52d80000, 0x53240000, 0x5c820000)
  eden space 4096K,  99% used [0x52d80000, 0x53178cd0, 0x53180000)
  from space 384K,  30% used [0x531e0000, 0x531fda38, 0x53240000)
  to   space 384K,   0% used [0x53180000, 0x53180000, 0x531e0000)
 tenured generation   total 9984K, used 1724K [0x5c820000, 0x5d1e0000, 0x6fd80000)
   the space 9984K,  17% used [0x5c820000, 0x5c9cf170, 0x5c9cf200, 0x5d1e0000)
 compacting perm gen  total 7168K, used 7112K [0x6fd80000, 0x70480000, 0x73d80000)
   the space 7168K,  99% used [0x6fd80000, 0x704723c0, 0x70472400, 0x70480000)
No shared spaces configured.
Event: 9.952 GC heap after
Heap after GC invocations=184 (full 0):
 def new generation   total 4480K, used 118K [0x52d80000, 0x53240000, 0x5c820000)
  eden space 4096K,   0% used [0x52d80000, 0x52d80000, 0x53180000)
  from space 384K,  30% used [0x53180000, 0x5319db78, 0x531e0000)
  to   space 384K,   0% used [0x531e0000, 0x531e0000, 0x53240000)
 tenured generation   total 9984K, used 1725K [0x5c820000, 0x5d1e0000, 0x6fd80000)
   the space 9984K,  17% used [0x5c820000, 0x5c9cf480, 0x5c9cf600, 0x5d1e0000)
 compacting perm gen  total 7168K, used 7112K [0x6fd80000, 0x70480000, 0x73d80000)
   the space 7168K,  99% used [0x6fd80000, 0x704723c0, 0x70472400, 0x70480000)
No shared spaces configured.
}
Event: 9.986 GC heap before
{Heap before GC invocations=184 (full 0):
 def new generation   total 4480K, used 4164K [0x52d80000, 0x53240000, 0x5c820000)
  eden space 4096K,  98% used [0x52d80000, 0x53173578, 0x53180000)
  from space 384K,  30% used [0x53180000, 0x5319db78, 0x531e0000)
  to   space 384K,   0% used [0x531e0000, 0x531e0000, 0x53240000)
 tenured generation   total 9984K, used 1725K [0x5c820000, 0x5d1e0000, 0x6fd80000)
   the space 9984K,  17% used [0x5c820000, 0x5c9cf480, 0x5c9cf600, 0x5d1e0000)
 compacting perm gen  total 7168K, used 7112K [0x6fd80000, 0x70480000, 0x73d80000)
   the space 7168K,  99% used [0x6fd80000, 0x704723c0, 0x70472400, 0x70480000)
No shared spaces configured.
Event: 9.990 GC heap after
Heap after GC invocations=185 (full 0):
 def new generation   total 4480K, used 66K [0x52d80000, 0x53240000, 0x5c820000)
  eden space 4096K,   0% used [0x52d80000, 0x52d80000, 0x53180000)
  from space 384K,  17% used [0x531e0000, 0x531f08a8, 0x53240000)
  to   space 384K,   0% used [0x53180000, 0x53180000, 0x531e0000)
 tenured generation   total 9984K, used 1726K [0x5c820000, 0x5d1e0000, 0x6fd80000)
   the space 9984K,  17% used [0x5c820000, 0x5c9cf800, 0x5c9cf800, 0x5d1e0000)
 compacting perm gen  total 7168K, used 7112K [0x6fd80000, 0x70480000, 0x73d80000)
   the space 7168K,  99% used [0x6fd80000, 0x704723c0, 0x70472400, 0x70480000)
No shared spaces configured.
}
Event: 10.026 GC heap before
{Heap before GC invocations=185 (full 0):
 def new generation   total 4480K, used 4153K [0x52d80000, 0x53240000, 0x5c820000)
  eden space 4096K,  99% used [0x52d80000, 0x5317df08, 0x53180000)
  from space 384K,  17% used [0x531e0000, 0x531f08a8, 0x53240000)
  to   space 384K,   0% used [0x53180000, 0x53180000, 0x531e0000)
 tenured generation   total 9984K, used 1726K [0x5c820000, 0x5d1e0000, 0x6fd80000)
   the space 9984K,  17% used [0x5c820000, 0x5c9cf800, 0x5c9cf800, 0x5d1e0000)
 compacting perm gen  total 7168K, used 7112K [0x6fd80000, 0x70480000, 0x73d80000)
   the space 7168K,  99% used [0x6fd80000, 0x704723c0, 0x70472400, 0x70480000)
No shared spaces configured.
Event: 10.031 GC heap after
Heap after GC invocations=186 (full 0):
 def new generation   total 4480K, used 122K [0x52d80000, 0x53240000, 0x5c820000)
  eden space 4096K,   0% used [0x52d80000, 0x52d80000, 0x53180000)
  from space 384K,  31% used [0x53180000, 0x5319e870, 0x531e0000)
  to   space 384K,   0% used [0x531e0000, 0x531e0000, 0x53240000)
 tenured generation   total 9984K, used 1726K [0x5c820000, 0x5d1e0000, 0x6fd80000)
   the space 9984K,  17% used [0x5c820000, 0x5c9cfb10, 0x5c9cfc00, 0x5d1e0000)
 compacting perm gen  total 7168K, used 7112K [0x6fd80000, 0x70480000, 0x73d80000)
   the space 7168K,  99% used [0x6fd80000, 0x704723c0, 0x70472400, 0x70480000)
No shared spaces configured.
}

Deoptimization events (0 events):
No events

Internal exceptions (10 events):
Event: 7.149 Thread 0x00c87d60 Threw 0x52db4870 at /openjdk-6-6b34-1.13.6.new/build/openjdk/hotspot/src/share/vm/prims/jni.cpp:716
Event: 7.149 Thread 0x00c87d60 Threw 0x52db5238 at /openjdk-6-6b34-1.13.6.new/build/openjdk/hotspot/src/share/vm/interpreter/linkResolver.cpp:814
Event: 7.151 Thread 0x00c87d60 Threw 0x52db63e8 at /openjdk-6-6b34-1.13.6.new/build/openjdk/hotspot/src/share/vm/prims/jni.cpp:716
Event: 7.152 Thread 0x00c87d60 Threw 0x52db6d78 at /openjdk-6-6b34-1.13.6.new/build/openjdk/hotspot/src/share/vm/interpreter/linkResolver.cpp:814
Event: 7.159 Thread 0x00c87d60 Threw 0x52dba0d0 at /openjdk-6-6b34-1.13.6.new/build/openjdk/hotspot/src/share/vm/prims/jni.cpp:716
Event: 7.159 Thread 0x00c87d60 Threw 0x52dbaae8 at /openjdk-6-6b34-1.13.6.new/build/openjdk/hotspot/src/share/vm/interpreter/linkResolver.cpp:814
Event: 7.162 Thread 0x00c87d60 Threw 0x52dbbe58 at /openjdk-6-6b34-1.13.6.new/build/openjdk/hotspot/src/share/vm/prims/jni.cpp:716
Event: 7.162 Thread 0x00c87d60 Threw 0x52dbc820 at /openjdk-6-6b34-1.13.6.new/build/openjdk/hotspot/src/share/vm/interpreter/linkResolver.cpp:814
Event: 7.164 Thread 0x00c87d60 Threw 0x52dbe010 at /openjdk-6-6b34-1.13.6.new/build/openjdk/hotspot/src/share/vm/prims/jni.cpp:716
Event: 7.165 Thread 0x00c87d60 Threw 0x52dbe930 at /openjdk-6-6b34-1.13.6.new/build/openjdk/hotspot/src/share/vm/interpreter/linkResolver.cpp:814

Events (10 events):
Event: 9.862 Executing VM operation: GenCollectForAllocation done
Event: 9.899 Executing VM operation: GenCollectForAllocation
Event: 9.902 Executing VM operation: GenCollectForAllocation done
Event: 9.948 Executing VM operation: GenCollectForAllocation
Event: 9.953 Executing VM operation: GenCollectForAllocation done
Event: 9.986 Executing VM operation: GenCollectForAllocation
Event: 9.990 Executing VM operation: GenCollectForAllocation done
Event: 10.025 Executing VM operation: GenCollectForAllocation
Event: 10.031 Executing VM operation: GenCollectForAllocation done
Event: 10.070 Executing VM operation: GenCollectForAllocation


Dynamic libraries:
00008000-00012000 r-xp 00000000 b3:06 536483     /usr/lib/jvm/java-6-openjdk-armhf/jre/bin/java
00019000-0001a000 rw-p 00009000 b3:06 536483     /usr/lib/jvm/java-6-openjdk-armhf/jre/bin/java
00a46000-00cf8000 rw-p 00000000 00:00 0          [heap]
51200000-512b0000 rw-p 00000000 00:00 0 
512b0000-51300000 ---p 00000000 00:00 0 
5136e000-51420000 r-xp 00000000 b3:06 536418     /usr/lib/jvm/java-6-openjdk-armhf/jre/lib/arm/libmlib_image.so
51420000-51427000 ---p 000b2000 b3:06 536418     /usr/lib/jvm/java-6-openjdk-armhf/jre/lib/arm/libmlib_image.so
51427000-51428000 rw-p 000b1000 b3:06 536418     /usr/lib/jvm/java-6-openjdk-armhf/jre/lib/arm/libmlib_image.so
51428000-5142b000 ---p 00000000 00:00 0 
5142b000-515a8000 rw-p 00000000 00:00 0          [stack:9380]
515a8000-515ab000 ---p 00000000 00:00 0 
515ab000-51728000 rw-p 00000000 00:00 0          [stack:9377]
51728000-5172b000 ---p 00000000 00:00 0 
5172b000-518a8000 rw-p 00000000 00:00 0          [stack:9376]
518a8000-518ab000 ---p 00000000 00:00 0 
518ab000-51a28000 rw-p 00000000 00:00 0          [stack:9375]
51a28000-51a2f000 r--s 00000000 b3:06 135265     /var/cache/fontconfig/945677eb7aeaf62f1d50efc3fb3ec7d8-le32d8.cache-3
51a2f000-51a37000 r--s 00000000 b3:06 135267     /var/cache/fontconfig/6d41288fd70b0be22e8c3a91e032eec0-le32d8.cache-3
51a37000-51a4a000 r-xp 00000000 b3:06 536432     /usr/lib/jvm/java-6-openjdk-armhf/jre/lib/arm/libnet.so
51a4a000-51a51000 ---p 00013000 b3:06 536432     /usr/lib/jvm/java-6-openjdk-armhf/jre/lib/arm/libnet.so
51a51000-51a52000 rw-p 00012000 b3:06 536432     /usr/lib/jvm/java-6-openjdk-armhf/jre/lib/arm/libnet.so
51a52000-51a58000 r-xp 00000000 b3:06 534048     /usr/lib/arm-linux-gnueabihf/libXrandr.so.2.2.0
51a58000-51a5f000 ---p 00006000 b3:06 534048     /usr/lib/arm-linux-gnueabihf/libXrandr.so.2.2.0
51a5f000-51a60000 rw-p 00005000 b3:06 534048     /usr/lib/arm-linux-gnueabihf/libXrandr.so.2.2.0
51a60000-51a67000 r--s 00000000 b3:06 135265     /var/cache/fontconfig/945677eb7aeaf62f1d50efc3fb3ec7d8-le32d8.cache-3
51a67000-51a77000 r--s 00000000 b3:06 135262     /var/cache/fontconfig/d52a8644073d54c13679302ca1180695-le32d8.cache-3
51a7c000-51a81000 r--s 00000000 b3:06 135249     /var/cache/fontconfig/1c2c2997deddd45e0296fa5a60917b7d-le32d8.cache-3
51a81000-51a91000 r--s 00000000 b3:06 135262     /var/cache/fontconfig/d52a8644073d54c13679302ca1180695-le32d8.cache-3
51a9c000-51aa0000 r-xp 00000000 b3:06 533743     /usr/lib/arm-linux-gnueabihf/libXfixes.so.3.1.0
51aa0000-51aa7000 ---p 00004000 b3:06 533743     /usr/lib/arm-linux-gnueabihf/libXfixes.so.3.1.0
51aa7000-51aa8000 r--p 00003000 b3:06 533743     /usr/lib/arm-linux-gnueabihf/libXfixes.so.3.1.0
51aa8000-51aa9000 rw-p 00004000 b3:06 533743     /usr/lib/arm-linux-gnueabihf/libXfixes.so.3.1.0
51aa9000-51ab1000 r-xp 00000000 b3:06 534933     /usr/lib/arm-linux-gnueabihf/libXcursor.so.1.0.2
51ab1000-51ab8000 ---p 00008000 b3:06 534933     /usr/lib/arm-linux-gnueabihf/libXcursor.so.1.0.2
51ab8000-51ab9000 rw-p 00007000 b3:06 534933     /usr/lib/arm-linux-gnueabihf/libXcursor.so.1.0.2
51aba000-51ac0000 r-xp 00000000 b3:06 536435     /usr/lib/jvm/java-6-openjdk-armhf/jre/lib/arm/libnio.so
51ac0000-51ac7000 ---p 00006000 b3:06 536435     /usr/lib/jvm/java-6-openjdk-armhf/jre/lib/arm/libnio.so
51ac7000-51ac8000 rw-p 00005000 b3:06 536435     /usr/lib/jvm/java-6-openjdk-armhf/jre/lib/arm/libnio.so
51ac8000-51ace000 r--s 00000000 b3:06 135253     /var/cache/fontconfig/3f7329c5293ffd510edef78f73874cfd-le32d8.cache-3
51ace000-51ad5000 r--s 00000000 b3:06 135266     /var/cache/fontconfig/e13b20fdb08344e0e664864cc2ede53d-le32d8.cache-3
51ad5000-51ad8000 ---p 00000000 00:00 0 
51ad8000-51c55000 rw-p 00000000 00:00 0          [stack:9374]
51c55000-51c74000 r-xp 00000000 b3:06 395950     /lib/arm-linux-gnueabihf/libpng12.so.0.49.0
51c74000-51c7b000 ---p 0001f000 b3:06 395950     /lib/arm-linux-gnueabihf/libpng12.so.0.49.0
51c7b000-51c7c000 r--p 0001e000 b3:06 395950     /lib/arm-linux-gnueabihf/libpng12.so.0.49.0
51c7c000-51c7d000 rw-p 0001f000 b3:06 395950     /lib/arm-linux-gnueabihf/libpng12.so.0.49.0
51c7d000-51c91000 r-xp 00000000 b3:06 395957     /lib/arm-linux-gnueabihf/libz.so.1.2.7
51c91000-51c99000 ---p 00014000 b3:06 395957     /lib/arm-linux-gnueabihf/libz.so.1.2.7
51c99000-51c9a000 r--p 00014000 b3:06 395957     /lib/arm-linux-gnueabihf/libz.so.1.2.7
51c9a000-51c9b000 rw-p 00015000 b3:06 395957     /lib/arm-linux-gnueabihf/libz.so.1.2.7
51c9b000-51d19000 r-xp 00000000 b3:06 534843     /usr/lib/arm-linux-gnueabihf/libfreetype.so.6.11.1
51d19000-51d20000 ---p 0007e000 b3:06 534843     /usr/lib/arm-linux-gnueabihf/libfreetype.so.6.11.1
51d20000-51d23000 r--p 0007d000 b3:06 534843     /usr/lib/arm-linux-gnueabihf/libfreetype.so.6.11.1
51d23000-51d24000 rw-p 00080000 b3:06 534843     /usr/lib/arm-linux-gnueabihf/libfreetype.so.6.11.1
51d25000-51d2d000 r--s 00000000 b3:06 135267     /var/cache/fontconfig/6d41288fd70b0be22e8c3a91e032eec0-le32d8.cache-3
51d2d000-51d33000 r--s 00000000 b3:06 135253     /var/cache/fontconfig/3f7329c5293ffd510edef78f73874cfd-le32d8.cache-3
51d33000-51d73000 r-xp 00000000 b3:06 536417     /usr/lib/jvm/java-6-openjdk-armhf/jre/lib/arm/libfontmanager.so
51d73000-51d7a000 ---p 00040000 b3:06 536417     /usr/lib/jvm/java-6-openjdk-armhf/jre/lib/arm/libfontmanager.so
51d7a000-51d7c000 rw-p 0003f000 b3:06 536417     /usr/lib/jvm/java-6-openjdk-armhf/jre/lib/arm/libfontmanager.so
51d7c000-51d80000 r-xp 00000000 b3:06 534798     /usr/lib/arm-linux-gnueabihf/libXdmcp.so.6.0.0
51d80000-51d87000 ---p 00004000 b3:06 534798     /usr/lib/arm-linux-gnueabihf/libXdmcp.so.6.0.0
51d87000-51d88000 rw-p 00003000 b3:06 534798     /usr/lib/arm-linux-gnueabihf/libXdmcp.so.6.0.0
51d88000-51d8a000 r-xp 00000000 b3:06 534728     /usr/lib/arm-linux-gnueabihf/libXau.so.6.0.0
51d8a000-51d91000 ---p 00002000 b3:06 534728     /usr/lib/arm-linux-gnueabihf/libXau.so.6.0.0
51d91000-51d92000 rw-p 00001000 b3:06 534728     /usr/lib/arm-linux-gnueabihf/libXau.so.6.0.0
51d92000-51da8000 r-xp 00000000 b3:06 534341     /usr/lib/arm-linux-gnueabihf/libxcb.so.1.1.0
51da8000-51daf000 ---p 00016000 b3:06 534341     /usr/lib/arm-linux-gnueabihf/libxcb.so.1.1.0
51daf000-51db0000 r--p 00015000 b3:06 534341     /usr/lib/arm-linux-gnueabihf/libxcb.so.1.1.0
51db0000-51db1000 rw-p 00016000 b3:06 534341     /usr/lib/arm-linux-gnueabihf/libxcb.so.1.1.0
51db1000-51dbd000 r-xp 00000000 b3:06 534865     /usr/lib/arm-linux-gnueabihf/libXi.so.6.1.0
51dbd000-51dc4000 ---p 0000c000 b3:06 534865     /usr/lib/arm-linux-gnueabihf/libXi.so.6.1.0
51dc4000-51dc5000 rw-p 0000b000 b3:06 534865     /usr/lib/arm-linux-gnueabihf/libXi.so.6.1.0
51dc5000-51dc9000 r-xp 00000000 b3:06 533733     /usr/lib/arm-linux-gnueabihf/libXtst.so.6.1.0
51dc9000-51dd0000 ---p 00004000 b3:06 533733     /usr/lib/arm-linux-gnueabihf/libXtst.so.6.1.0
51dd0000-51dd1000 rw-p 00003000 b3:06 533733     /usr/lib/arm-linux-gnueabihf/libXtst.so.6.1.0
51dd1000-51dd9000 r-xp 00000000 b3:06 534366     /usr/lib/arm-linux-gnueabihf/libXrender.so.1.3.0
51dd9000-51de0000 ---p 00008000 b3:06 534366     /usr/lib/arm-linux-gnueabihf/libXrender.so.1.3.0
51de0000-51de1000 rw-p 00007000 b3:06 534366     /usr/lib/arm-linux-gnueabihf/libXrender.so.1.3.0
51de1000-51eea000 r-xp 00000000 b3:06 535182     /usr/lib/arm-linux-gnueabihf/libX11.so.6.3.0
51eea000-51ef1000 ---p 00109000 b3:06 535182     /usr/lib/arm-linux-gnueabihf/libX11.so.6.3.0
51ef1000-51ef5000 rw-p 00108000 b3:06 535182     /usr/lib/arm-linux-gnueabihf/libX11.so.6.3.0
51ef5000-51f02000 r-xp 00000000 b3:06 534532     /usr/lib/arm-linux-gnueabihf/libXext.so.6.4.0
51f02000-51f0a000 ---p 0000d000 b3:06 534532     /usr/lib/arm-linux-gnueabihf/libXext.so.6.4.0
51f0a000-51f0b000 rw-p 0000d000 b3:06 534532     /usr/lib/arm-linux-gnueabihf/libXext.so.6.4.0
51f0b000-51f4b000 r-xp 00000000 b3:06 536576     /usr/lib/jvm/java-6-openjdk-armhf/jre/lib/arm/xawt/libmawt.so
51f4b000-51f4d000 rw-p 00040000 b3:06 536576     /usr/lib/jvm/java-6-openjdk-armhf/jre/lib/arm/xawt/libmawt.so
51f4d000-51f4e000 rw-p 00000000 00:00 0 
51f4e000-51fce000 r-xp 00000000 b3:06 536433     /usr/lib/jvm/java-6-openjdk-armhf/jre/lib/arm/libawt.so
51fce000-51fd5000 ---p 00080000 b3:06 536433     /usr/lib/jvm/java-6-openjdk-armhf/jre/lib/arm/libawt.so
51fd5000-51fdc000 rw-p 0007f000 b3:06 536433     /usr/lib/jvm/java-6-openjdk-armhf/jre/lib/arm/libawt.so
51fdc000-52000000 rw-p 00000000 00:00 0 
52000000-52100000 rw-p 00000000 00:00 0 
52103000-5210a000 r--s 00000000 b3:06 135266     /var/cache/fontconfig/e13b20fdb08344e0e664864cc2ede53d-le32d8.cache-3
5210a000-52111000 r--s 00053000 b3:06 536366     /usr/lib/jvm/java-6-openjdk-common/jre/lib/resources.jar
52111000-52139000 rw-p 00000000 00:00 0 
52139000-5213a000 ---p 00000000 00:00 0 
5213a000-521d9000 rw-p 00000000 00:00 0          [stack:9373]
521d9000-521dc000 ---p 00000000 00:00 0 
521dc000-52359000 rw-p 00000000 00:00 0          [stack:9372]
52359000-5235c000 ---p 00000000 00:00 0 
5235c000-524d9000 rw-p 00000000 00:00 0          [stack:9371]
524d9000-52650000 r--p 00000000 b3:06 536050     /usr/lib/locale/locale-archive
52650000-52653000 ---p 00000000 00:00 0 
52653000-527d0000 rw-p 00000000 00:00 0          [stack:9370]
527d0000-527d3000 ---p 00000000 00:00 0 
527d3000-52950000 rw-p 00000000 00:00 0          [stack:9369]
52950000-52951000 ---p 00000000 00:00 0 
52951000-52a24000 rw-p 00000000 00:00 0          [stack:9368]
52a24000-52bbb000 r--s 019e3000 b3:06 536408     /usr/lib/jvm/java-6-openjdk-armhf/jre/lib/rt.jar
52bbb000-52bbf000 rw-p 00000000 00:00 0 
52bbf000-52bdc000 rw-p 00000000 00:00 0 
52bdc000-52be1000 rw-p 00000000 00:00 0 
52be1000-52c77000 rw-p 00000000 00:00 0 
52c77000-52c7a000 rw-p 00000000 00:00 0 
52c7a000-52cc4000 rw-p 00000000 00:00 0 
52cc4000-52cca000 rw-p 00000000 00:00 0 
52cca000-52d5f000 rw-p 00000000 00:00 0 
52d5f000-52d63000 rw-p 00000000 00:00 0 
52d63000-52d7f000 rw-p 00000000 00:00 0 
52d7f000-53240000 rw-p 00000000 00:00 0 
53240000-5c820000 rw-p 00000000 00:00 0 
5c820000-5d1e0000 rw-p 00000000 00:00 0 
5d1e0000-6fd80000 rw-p 00000000 00:00 0 
6fd80000-70480000 rw-p 00000000 00:00 0 
70480000-73d80000 rw-p 00000000 00:00 0 
73d80000-73d85000 r--s 00000000 b3:06 135249     /var/cache/fontconfig/1c2c2997deddd45e0296fa5a60917b7d-le32d8.cache-3
73d85000-73d89000 r--s 00017000 b3:06 279999     /home/pi/Downloads/thumbnailator-0.4.8.jar
73d89000-73d8b000 r--s 00001000 b3:06 536373     /usr/lib/jvm/java-6-openjdk-common/jre/lib/ext/dnsns.jar
73d8b000-73d8f000 r--s 00078000 b3:06 536375     /usr/lib/jvm/java-6-openjdk-common/jre/lib/ext/localedata.jar
73d8f000-73d93000 r--s 00039000 b3:06 536376     /usr/lib/jvm/java-6-openjdk-common/jre/lib/ext/sunpkcs11.jar
73d93000-73d94000 rw-p 00000000 00:00 0 
73d94000-73e13000 rw-p 00000000 00:00 0 
73e13000-73e3b000 rwxp 00000000 00:00 0 
73e3b000-75e13000 rw-p 00000000 00:00 0 
75e13000-75e21000 r-xp 00000000 b3:06 536442     /usr/lib/jvm/java-6-openjdk-armhf/jre/lib/arm/libzip.so
75e21000-75e28000 ---p 0000e000 b3:06 536442     /usr/lib/jvm/java-6-openjdk-armhf/jre/lib/arm/libzip.so
75e28000-75e2a000 rw-p 0000d000 b3:06 536442     /usr/lib/jvm/java-6-openjdk-armhf/jre/lib/arm/libzip.so
75e2a000-75e34000 r-xp 00000000 b3:06 395984     /lib/arm-linux-gnueabihf/libnss_files-2.13.so
75e34000-75e3b000 ---p 0000a000 b3:06 395984     /lib/arm-linux-gnueabihf/libnss_files-2.13.so
75e3b000-75e3c000 r--p 00009000 b3:06 395984     /lib/arm-linux-gnueabihf/libnss_files-2.13.so
75e3c000-75e3d000 rw-p 0000a000 b3:06 395984     /lib/arm-linux-gnueabihf/libnss_files-2.13.so
75e3d000-75e46000 r-xp 00000000 b3:06 395960     /lib/arm-linux-gnueabihf/libnss_nis-2.13.so
75e46000-75e4d000 ---p 00009000 b3:06 395960     /lib/arm-linux-gnueabihf/libnss_nis-2.13.so
75e4d000-75e4e000 r--p 00008000 b3:06 395960     /lib/arm-linux-gnueabihf/libnss_nis-2.13.so
75e4e000-75e4f000 rw-p 00009000 b3:06 395960     /lib/arm-linux-gnueabihf/libnss_nis-2.13.so
75e4f000-75e55000 r-xp 00000000 b3:06 395999     /lib/arm-linux-gnueabihf/libnss_compat-2.13.so
75e55000-75e5c000 ---p 00006000 b3:06 395999     /lib/arm-linux-gnueabihf/libnss_compat-2.13.so
75e5c000-75e5d000 r--p 00005000 b3:06 395999     /lib/arm-linux-gnueabihf/libnss_compat-2.13.so
75e5d000-75e5e000 rw-p 00006000 b3:06 395999     /lib/arm-linux-gnueabihf/libnss_compat-2.13.so
75e5e000-75e6f000 r-xp 00000000 b3:06 396047     /lib/arm-linux-gnueabihf/libnsl-2.13.so
75e6f000-75e76000 ---p 00011000 b3:06 396047     /lib/arm-linux-gnueabihf/libnsl-2.13.so
75e76000-75e77000 r--p 00010000 b3:06 396047     /lib/arm-linux-gnueabihf/libnsl-2.13.so
75e77000-75e78000 rw-p 00011000 b3:06 396047     /lib/arm-linux-gnueabihf/libnsl-2.13.so
75e78000-75e7a000 rw-p 00000000 00:00 0 
75e7a000-75e9e000 r-xp 00000000 b3:06 536448     /usr/lib/jvm/java-6-openjdk-armhf/jre/lib/arm/libjava.so
75e9e000-75ea6000 ---p 00024000 b3:06 536448     /usr/lib/jvm/java-6-openjdk-armhf/jre/lib/arm/libjava.so
75ea6000-75ea8000 rw-p 00024000 b3:06 536448     /usr/lib/jvm/java-6-openjdk-armhf/jre/lib/arm/libjava.so
75ea8000-75eb3000 r-xp 00000000 b3:06 536447     /usr/lib/jvm/java-6-openjdk-armhf/jre/lib/arm/libverify.so
75eb3000-75ebb000 ---p 0000b000 b3:06 536447     /usr/lib/jvm/java-6-openjdk-armhf/jre/lib/arm/libverify.so
75ebb000-75ebc000 rw-p 0000b000 b3:06 536447     /usr/lib/jvm/java-6-openjdk-armhf/jre/lib/arm/libverify.so
75ebc000-75ec2000 r-xp 00000000 b3:06 396111     /lib/arm-linux-gnueabihf/librt-2.13.so
75ec2000-75ec9000 ---p 00006000 b3:06 396111     /lib/arm-linux-gnueabihf/librt-2.13.so
75ec9000-75eca000 r--p 00005000 b3:06 396111     /lib/arm-linux-gnueabihf/librt-2.13.so
75eca000-75ecb000 rw-p 00006000 b3:06 396111     /lib/arm-linux-gnueabihf/librt-2.13.so
75ecb000-75ecf000 ---p 00000000 00:00 0 
75ecf000-7604b000 rw-p 00000000 00:00 0          [stack:9367]
7604b000-7684b000 rwxp 00000000 00:00 0 
7684b000-7686b000 r-xp 00000000 b3:06 396136     /lib/arm-linux-gnueabihf/libgcc_s.so.1
7686b000-76872000 ---p 00020000 b3:06 396136     /lib/arm-linux-gnueabihf/libgcc_s.so.1
76872000-76873000 rw-p 0001f000 b3:06 396136     /lib/arm-linux-gnueabihf/libgcc_s.so.1
76873000-768db000 r-xp 00000000 b3:06 395944     /lib/arm-linux-gnueabihf/libm-2.13.so
768db000-768e2000 ---p 00068000 b3:06 395944     /lib/arm-linux-gnueabihf/libm-2.13.so
768e2000-768e3000 r--p 00067000 b3:06 395944     /lib/arm-linux-gnueabihf/libm-2.13.so
768e3000-768e4000 rw-p 00068000 b3:06 395944     /lib/arm-linux-gnueabihf/libm-2.13.so
768e4000-769a3000 r-xp 00000000 b3:06 534692     /usr/lib/arm-linux-gnueabihf/libstdc++.so.6.0.19
769a3000-769aa000 ---p 000bf000 b3:06 534692     /usr/lib/arm-linux-gnueabihf/libstdc++.so.6.0.19
769aa000-769ae000 r--p 000be000 b3:06 534692     /usr/lib/arm-linux-gnueabihf/libstdc++.so.6.0.19
769ae000-769b0000 rw-p 000c2000 b3:06 534692     /usr/lib/arm-linux-gnueabihf/libstdc++.so.6.0.19
769b0000-769b6000 rw-p 00000000 00:00 0 
769b6000-76dbb000 r-xp 00000000 b3:06 536423     /usr/lib/jvm/java-6-openjdk-armhf/jre/lib/arm/server/libjvm.so
76dbb000-76dc3000 ---p 00405000 b3:06 536423     /usr/lib/jvm/java-6-openjdk-armhf/jre/lib/arm/server/libjvm.so
76dc3000-76de2000 rw-p 00405000 b3:06 536423     /usr/lib/jvm/java-6-openjdk-armhf/jre/lib/arm/server/libjvm.so
76de2000-76e3d000 rw-p 00000000 00:00 0 
76e3d000-76f61000 r-xp 00000000 b3:06 395977     /lib/arm-linux-gnueabihf/libc-2.13.so
76f61000-76f68000 ---p 00124000 b3:06 395977     /lib/arm-linux-gnueabihf/libc-2.13.so
76f68000-76f6a000 r--p 00123000 b3:06 395977     /lib/arm-linux-gnueabihf/libc-2.13.so
76f6a000-76f6b000 rw-p 00125000 b3:06 395977     /lib/arm-linux-gnueabihf/libc-2.13.so
76f6b000-76f6e000 rw-p 00000000 00:00 0 
76f6e000-76f70000 r-xp 00000000 b3:06 396143     /lib/arm-linux-gnueabihf/libdl-2.13.so
76f70000-76f77000 ---p 00002000 b3:06 396143     /lib/arm-linux-gnueabihf/libdl-2.13.so
76f77000-76f78000 r--p 00001000 b3:06 396143     /lib/arm-linux-gnueabihf/libdl-2.13.so
76f78000-76f79000 rw-p 00002000 b3:06 396143     /lib/arm-linux-gnueabihf/libdl-2.13.so
76f79000-76f80000 r-xp 00000000 b3:06 536446     /usr/lib/jvm/java-6-openjdk-armhf/jre/lib/arm/jli/libjli.so
76f80000-76f87000 ---p 00007000 b3:06 536446     /usr/lib/jvm/java-6-openjdk-armhf/jre/lib/arm/jli/libjli.so
76f87000-76f89000 rw-p 00006000 b3:06 536446     /usr/lib/jvm/java-6-openjdk-armhf/jre/lib/arm/jli/libjli.so
76f89000-76f9d000 r-xp 00000000 b3:06 396110     /lib/arm-linux-gnueabihf/libpthread-2.13.so
76f9d000-76fa4000 ---p 00014000 b3:06 396110     /lib/arm-linux-gnueabihf/libpthread-2.13.so
76fa4000-76fa5000 r--p 00013000 b3:06 396110     /lib/arm-linux-gnueabihf/libpthread-2.13.so
76fa5000-76fa6000 rw-p 00014000 b3:06 396110     /lib/arm-linux-gnueabihf/libpthread-2.13.so
76fa6000-76fa8000 rw-p 00000000 00:00 0 
76fa9000-76fab000 r--s 0000f000 b3:06 536377     /usr/lib/jvm/java-6-openjdk-common/jre/lib/ext/pulse-java.jar
76fab000-76faf000 r--s 00031000 b3:06 536374     /usr/lib/jvm/java-6-openjdk-common/jre/lib/ext/sunjce_provider.jar
76faf000-76fb7000 rw-s 00000000 b3:06 279911     /tmp/hsperfdata_pi/9362
76fb7000-76fb9000 r-xp 00000000 b3:06 535266     /usr/lib/arm-linux-gnueabihf/libcofi_rpi.so
76fb9000-76fc0000 ---p 00002000 b3:06 535266     /usr/lib/arm-linux-gnueabihf/libcofi_rpi.so
76fc0000-76fc1000 rw-p 00001000 b3:06 535266     /usr/lib/arm-linux-gnueabihf/libcofi_rpi.so
76fc1000-76fde000 r-xp 00000000 b3:06 396029     /lib/arm-linux-gnueabihf/ld-2.13.so
76fde000-76fdf000 r--s 00007000 b3:06 673660     /usr/share/java/java-atk-wrapper.jar
76fdf000-76fe0000 rw-p 00000000 00:00 0 
76fe0000-76fe1000 ---p 00000000 00:00 0 
76fe1000-76fe4000 rw-p 00000000 00:00 0 
76fe4000-76fe6000 rw-p 00000000 00:00 0 
76fe6000-76fe7000 r--p 0001d000 b3:06 396029     /lib/arm-linux-gnueabihf/ld-2.13.so
76fe7000-76fe8000 rw-p 0001e000 b3:06 396029     /lib/arm-linux-gnueabihf/ld-2.13.so
7eec3000-7eee4000 rw-p 00000000 00:00 0          [stack]
7efe2000-7efe3000 r-xp 00000000 00:00 0          [sigpage]
ffff0000-ffff1000 r-xp 00000000 00:00 0          [vectors]

VM Arguments:
jvm_args: -Dfile.encoding=UTF-8 
java_command: Main
Launcher Type: SUN_STANDARD

Environment Variables:
PATH=/usr/local/sbin:/usr/local/bin:/usr/sbin:/usr/bin:/sbin:/bin:/usr/local/games:/usr/games
LD_LIBRARY_PATH=/usr/lib/jvm/java-6-openjdk-armhf/jre/lib/arm/server:/usr/lib/jvm/java-6-openjdk-armhf/jre/lib/arm:/usr/lib/jvm/java-6-openjdk-armhf/jre/../lib/arm
SHELL=/bin/bash
DISPLAY=:0.0

Signal Handlers:
SIGSEGV: [libjvm.so+0x3b56e0], sa_mask[0]=0x7ffbfeff, sa_flags=0x10000004
SIGBUS: [libjvm.so+0x3b56e0], sa_mask[0]=0x7ffbfeff, sa_flags=0x10000004
SIGFPE: [libjvm.so+0x2e8d2c], sa_mask[0]=0x7ffbfeff, sa_flags=0x10000004
SIGPIPE: [libjvm.so+0x2e8d2c], sa_mask[0]=0x7ffbfeff, sa_flags=0x10000004
SIGXFSZ: [libjvm.so+0x2e8d2c], sa_mask[0]=0x7ffbfeff, sa_flags=0x10000004
SIGILL: [libjvm.so+0x2e8d2c], sa_mask[0]=0x7ffbfeff, sa_flags=0x10000004
SIGUSR1: SIG_DFL, sa_mask[0]=0x00000000, sa_flags=0x00000000
SIGUSR2: [libjvm.so+0x2e8ef0], sa_mask[0]=0x00000004, sa_flags=0x10000004
SIGHUP: [libjvm.so+0x2e95fc], sa_mask[0]=0x7ffbfeff, sa_flags=0x10000004
SIGINT: [libjvm.so+0x2e95fc], sa_mask[0]=0x7ffbfeff, sa_flags=0x10000004
SIGTERM: [libjvm.so+0x2e95fc], sa_mask[0]=0x7ffbfeff, sa_flags=0x10000004
SIGQUIT: [libjvm.so+0x2e95fc], sa_mask[0]=0x7ffbfeff, sa_flags=0x10000004


---------------  S Y S T E M  ---------------

OS:7.8

uname:Linux 3.18.7-v7+ #755 SMP PREEMPT Thu Feb 12 17:20:48 GMT 2015 armv7l
libc:glibc 2.13 NPTL 2.13 
rlimit: STACK 8192k, CORE 0k, NPROC 7349, NOFILE 4096, AS infinity
load average:1.87 1.27 0.80

/proc/meminfo:
MemTotal:         949328 kB
MemFree:          131440 kB
MemAvailable:     391076 kB
Buffers:           28652 kB
Cached:           293344 kB
SwapCached:            0 kB
Active:           605108 kB
Inactive:         181216 kB
Active(anon):     464448 kB
Inactive(anon):    46264 kB
Active(file):     140660 kB
Inactive(file):   134952 kB
Unevictable:           0 kB
Mlocked:               0 kB
SwapTotal:        102396 kB
SwapFree:         102396 kB
Dirty:               112 kB
Writeback:             0 kB
AnonPages:        464428 kB
Mapped:           158652 kB
Shmem:             46388 kB
Slab:              16844 kB
SReclaimable:       9004 kB
SUnreclaim:         7840 kB
KernelStack:        2320 kB
PageTables:         3740 kB
NFS_Unstable:          0 kB
Bounce:                0 kB
WritebackTmp:          0 kB
CommitLimit:      577060 kB
Committed_AS:    1075744 kB
VmallocTotal:    1105920 kB
VmallocUsed:        3920 kB
VmallocChunk:     865016 kB


CPU:total 4 

/proc/cpuinfo:
processor	: 0
model name	: ARMv7 Processor rev 5 (v7l)
BogoMIPS	: 57.60
Features	: half thumb fastmult vfp edsp neon vfpv3 tls vfpv4 idiva idivt vfpd32 lpae evtstrm 
CPU implementer	: 0x41
CPU architecture: 7
CPU variant	: 0x0
CPU part	: 0xc07
CPU revision	: 5

processor	: 1
model name	: ARMv7 Processor rev 5 (v7l)
BogoMIPS	: 57.60
Features	: half thumb fastmult vfp edsp neon vfpv3 tls vfpv4 idiva idivt vfpd32 lpae evtstrm 
CPU implementer	: 0x41
CPU architecture: 7
CPU variant	: 0x0
CPU part	: 0xc07
CPU revision	: 5

processor	: 2
model name	: ARMv7 Processor rev 5 (v7l)
BogoMIPS	: 57.60
Features	: half thumb fastmult vfp edsp neon vfpv3 tls vfpv4 idiva idivt vfpd32 lpae evtstrm 
CPU implementer	: 0x41
CPU architecture: 7
CPU variant	: 0x0
CPU part	: 0xc07
CPU revision	: 5

processor	: 3
model name	: ARMv7 Processor rev 5 (v7l)
BogoMIPS	: 57.60
Features	: half thumb fastmult vfp edsp neon vfpv3 tls vfpv4 idiva idivt vfpd32 lpae evtstrm 
CPU implementer	: 0x41
CPU architecture: 7
CPU variant	: 0x0
CPU part	: 0xc07
CPU revision	: 5

Hardware	: BCM2709
Revision	: a01041
Serial		: 0000000063c1497d


Memory: 4k page, physical 949328k(131440k free), swap 102396k(102396k free)

vm_info: OpenJDK Zero VM (23.25-b01) for linux-arm-vfp JRE (1.6.0_34-b34), built on Feb  1 2015 07:15:48 by "root" with gcc 4.7.2

time: Sun Apr 26 18:18:16 2015
elapsed time: 10 seconds

