#
# A fatal error has been detected by the Java Runtime Environment:
#
#  Internal Error (os_linux_zero.cpp:285), pid=12311, tid=1386148976
#  fatal error: caught unhandled signal 11
#
# JRE version: 6.0_34-b34
# Java VM: OpenJDK Zero VM (23.25-b01 mixed mode linux-arm )
# Derivative: IcedTea6 1.13.6
# Distribution: Debian GNU/Linux 7.8 (wheezy), package 6b34-1.13.6-1~deb7u1+rpi1
# Failed to write core dump. Core dumps have been disabled. To enable core dumping, try "ulimit -c unlimited" before starting Java again
#
# If you would like to submit a bug report, please include
# instructions how to reproduce the bug and visit:
#   http://icedtea.classpath.org/bugzilla
#

---------------  T H R E A D  ---------------

Current thread (0x00bb4d38):  VMThread [stack: 0x52951000,0x529f0000] [id=12321]

Stack: [0x52951000,0x529f0000],  sp=0x529ee3a4,  free space=628k
VM_Operation (0x75f844bc): GenCollectForAllocation, mode: safepoint, requested by thread 0x00b45000


---------------  P R O C E S S  ---------------

Java Threads: ( => current thread )
  0x5160b848 JavaThread "pool-1-thread-1" [_thread_blocked, id=12335, stack(0x510f6000,0x51276000)]
  0x00c0fbf8 JavaThread "AWT-EventQueue-1" [_thread_blocked, id=12332, stack(0x51300000,0x51480000)]
  0x519e8dd8 JavaThread "AWT-Shutdown" [_thread_blocked, id=12331, stack(0x51480000,0x51600000)]
  0x5196d7a0 JavaThread "AWT-XAWT" daemon [_thread_in_native, id=12330, stack(0x51780000,0x51900000)]
  0x526daf60 JavaThread "Java2D Disposer" daemon [_thread_blocked, id=12329, stack(0x51acf000,0x51c4f000)]
  0x526009e0 JavaThread "Low Memory Detector" daemon [_thread_blocked, id=12325, stack(0x52009000,0x52189000)]
  0x00c03f40 JavaThread "Signal Dispatcher" daemon [_thread_blocked, id=12324, stack(0x52189000,0x52309000)]
  0x00bc1fb8 JavaThread "Finalizer" daemon [_thread_blocked, id=12323, stack(0x52480000,0x52600000)]
  0x00bc08e8 JavaThread "Reference Handler" daemon [_thread_blocked, id=12322, stack(0x527d0000,0x52950000)]
  0x00b45000 JavaThread "main" [_thread_blocked, id=12318, stack(0x75ec3000,0x76042000)]

Other Threads:
=>0x00bb4d38 VMThread [stack: 0x52951000,0x529f0000] [id=12321]
  0x52602720 WatcherThread [stack: 0x52731000,0x527d0000] [id=12326]

VM state:at safepoint (normal execution)

VM Mutex/Monitor currently owned by a thread:  ([mutex/lock_event])
[0x00b441a8] Threads_lock - owner thread: 0x00bb4d38
[0x00b445b8] Heap_lock - owner thread: 0x00b45000

Heap
 def new generation   total 4480K, used 4132K [0x52d80000, 0x53240000, 0x5c820000)
  eden space 4096K,  99% used [0x52d80000, 0x5317e660, 0x53180000)
  from space 384K,  11% used [0x53180000, 0x5318ac28, 0x531e0000)
  to   space 384K,   8% used [0x531e0000, 0x531e7d88, 0x53240000)
 tenured generation   total 9984K, used 1353K [0x5c820000, 0x5d1e0000, 0x6fd80000)
   the space 9984K,  13% used [0x5c820000, 0x5c972488, 0x5c972600, 0x5d1e0000)
 compacting perm gen  total 7168K, used 6978K [0x6fd80000, 0x70480000, 0x73d80000)
   the space 7168K,  97% used [0x6fd80000, 0x70450858, 0x70450a00, 0x70480000)
No shared spaces configured.

Card table byte_map: [0x52c77000,0x52d80000] byte_map_base: 0x529e0400

Polling page: 0x76fd7000

Code Cache  [0x73e0a000, 0x73e32000, 0x75e0a000)
 total_blobs=181 nmethods=0 adapters=174 free_code_cache=32691Kb largest_free_block=33476288

Compilation events (0 events):
No events

GC Heap History (10 events):
Event: 4.681 GC heap after
Heap after GC invocations=10 (full 0):
 def new generation   total 4480K, used 102K [0x52d80000, 0x53240000, 0x5c820000)
  eden space 4096K,   0% used [0x52d80000, 0x52d80000, 0x53180000)
  from space 384K,  26% used [0x53180000, 0x53199a80, 0x531e0000)
  to   space 384K,   0% used [0x531e0000, 0x531e0000, 0x53240000)
 tenured generation   total 9984K, used 1286K [0x5c820000, 0x5d1e0000, 0x6fd80000)
   the space 9984K,  12% used [0x5c820000, 0x5c9618c0, 0x5c961a00, 0x5d1e0000)
 compacting perm gen  total 7168K, used 6976K [0x6fd80000, 0x70480000, 0x73d80000)
   the space 7168K,  97% used [0x6fd80000, 0x704502e8, 0x70450400, 0x70480000)
No shared spaces configured.
}
Event: 4.700 GC heap before
{Heap before GC invocations=10 (full 0):
 def new generation   total 4480K, used 4197K [0x52d80000, 0x53240000, 0x5c820000)
  eden space 4096K,  99% used [0x52d80000, 0x5317fc90, 0x53180000)
  from space 384K,  26% used [0x53180000, 0x53199a80, 0x531e0000)
  to   space 384K,   0% used [0x531e0000, 0x531e0000, 0x53240000)
 tenured generation   total 9984K, used 1286K [0x5c820000, 0x5d1e0000, 0x6fd80000)
   the space 9984K,  12% used [0x5c820000, 0x5c9618c0, 0x5c961a00, 0x5d1e0000)
 compacting perm gen  total 7168K, used 6976K [0x6fd80000, 0x70480000, 0x73d80000)
   the space 7168K,  97% used [0x6fd80000, 0x704502e8, 0x70450400, 0x70480000)
No shared spaces configured.
Event: 4.703 GC heap after
Heap after GC invocations=11 (full 0):
 def new generation   total 4480K, used 87K [0x52d80000, 0x53240000, 0x5c820000)
  eden space 4096K,   0% used [0x52d80000, 0x52d80000, 0x53180000)
  from space 384K,  22% used [0x531e0000, 0x531f5d70, 0x53240000)
  to   space 384K,   0% used [0x53180000, 0x53180000, 0x531e0000)
 tenured generation   total 9984K, used 1286K [0x5c820000, 0x5d1e0000, 0x6fd80000)
   the space 9984K,  12% used [0x5c820000, 0x5c9618c0, 0x5c961a00, 0x5d1e0000)
 compacting perm gen  total 7168K, used 6976K [0x6fd80000, 0x70480000, 0x73d80000)
   the space 7168K,  97% used [0x6fd80000, 0x704502e8, 0x70450400, 0x70480000)
No shared spaces configured.
}
Event: 4.722 GC heap before
{Heap before GC invocations=11 (full 0):
 def new generation   total 4480K, used 4160K [0x52d80000, 0x53240000, 0x5c820000)
  eden space 4096K,  99% used [0x52d80000, 0x5317a4e8, 0x53180000)
  from space 384K,  22% used [0x531e0000, 0x531f5d70, 0x53240000)
  to   space 384K,   0% used [0x53180000, 0x53180000, 0x531e0000)
 tenured generation   total 9984K, used 1286K [0x5c820000, 0x5d1e0000, 0x6fd80000)
   the space 9984K,  12% used [0x5c820000, 0x5c9618c0, 0x5c961a00, 0x5d1e0000)
 compacting perm gen  total 7168K, used 6976K [0x6fd80000, 0x70480000, 0x73d80000)
   the space 7168K,  97% used [0x6fd80000, 0x704502e8, 0x70450400, 0x70480000)
No shared spaces configured.
Event: 4.726 GC heap after
Heap after GC invocations=12 (full 0):
 def new generation   total 4480K, used 95K [0x52d80000, 0x53240000, 0x5c820000)
  eden space 4096K,   0% used [0x52d80000, 0x52d80000, 0x53180000)
  from space 384K,  24% used [0x53180000, 0x53197d60, 0x531e0000)
  to   space 384K,   0% used [0x531e0000, 0x531e0000, 0x53240000)
 tenured generation   total 9984K, used 1286K [0x5c820000, 0x5d1e0000, 0x6fd80000)
   the space 9984K,  12% used [0x5c820000, 0x5c9618c0, 0x5c961a00, 0x5d1e0000)
 compacting perm gen  total 7168K, used 6976K [0x6fd80000, 0x70480000, 0x73d80000)
   the space 7168K,  97% used [0x6fd80000, 0x704502e8, 0x70450400, 0x70480000)
No shared spaces configured.
}
Event: 4.749 GC heap before
{Heap before GC invocations=12 (full 0):
 def new generation   total 4480K, used 4175K [0x52d80000, 0x53240000, 0x5c820000)
  eden space 4096K,  99% used [0x52d80000, 0x5317c0c8, 0x53180000)
  from space 384K,  24% used [0x53180000, 0x53197d60, 0x531e0000)
  to   space 384K,   0% used [0x531e0000, 0x531e0000, 0x53240000)
 tenured generation   total 9984K, used 1286K [0x5c820000, 0x5d1e0000, 0x6fd80000)
   the space 9984K,  12% used [0x5c820000, 0x5c9618c0, 0x5c961a00, 0x5d1e0000)
 compacting perm gen  total 7168K, used 6978K [0x6fd80000, 0x70480000, 0x73d80000)
   the space 7168K,  97% used [0x6fd80000, 0x70450858, 0x70450a00, 0x70480000)
No shared spaces configured.
Event: 4.753 GC heap after
Heap after GC invocations=13 (full 0):
 def new generation   total 4480K, used 255K [0x52d80000, 0x53240000, 0x5c820000)
  eden space 4096K,   0% used [0x52d80000, 0x52d80000, 0x53180000)
  from space 384K,  66% used [0x531e0000, 0x5321fc80, 0x53240000)
  to   space 384K,   0% used [0x53180000, 0x53180000, 0x531e0000)
 tenured generation   total 9984K, used 1286K [0x5c820000, 0x5d1e0000, 0x6fd80000)
   the space 9984K,  12% used [0x5c820000, 0x5c9618c0, 0x5c961a00, 0x5d1e0000)
 compacting perm gen  total 7168K, used 6978K [0x6fd80000, 0x70480000, 0x73d80000)
   the space 7168K,  97% used [0x6fd80000, 0x70450858, 0x70450a00, 0x70480000)
No shared spaces configured.
}
Event: 4.777 GC heap before
{Heap before GC invocations=13 (full 0):
 def new generation   total 4480K, used 4337K [0x52d80000, 0x53240000, 0x5c820000)
  eden space 4096K,  99% used [0x52d80000, 0x5317c8a0, 0x53180000)
  from space 384K,  66% used [0x531e0000, 0x5321fc80, 0x53240000)
  to   space 384K,   0% used [0x53180000, 0x53180000, 0x531e0000)
 tenured generation   total 9984K, used 1286K [0x5c820000, 0x5d1e0000, 0x6fd80000)
   the space 9984K,  12% used [0x5c820000, 0x5c9618c0, 0x5c961a00, 0x5d1e0000)
 compacting perm gen  total 7168K, used 6978K [0x6fd80000, 0x70480000, 0x73d80000)
   the space 7168K,  97% used [0x6fd80000, 0x70450858, 0x70450a00, 0x70480000)
No shared spaces configured.
Event: 4.781 GC heap after
Heap after GC invocations=14 (full 0):
 def new generation   total 4480K, used 43K [0x52d80000, 0x53240000, 0x5c820000)
  eden space 4096K,   0% used [0x52d80000, 0x52d80000, 0x53180000)
  from space 384K,  11% used [0x53180000, 0x5318ac28, 0x531e0000)
  to   space 384K,   0% used [0x531e0000, 0x531e0000, 0x53240000)
 tenured generation   total 9984K, used 1353K [0x5c820000, 0x5d1e0000, 0x6fd80000)
   the space 9984K,  13% used [0x5c820000, 0x5c972488, 0x5c972600, 0x5d1e0000)
 compacting perm gen  total 7168K, used 6978K [0x6fd80000, 0x70480000, 0x73d80000)
   the space 7168K,  97% used [0x6fd80000, 0x70450858, 0x70450a00, 0x70480000)
No shared spaces configured.
}
Event: 4.808 GC heap before
{Heap before GC invocations=14 (full 0):
 def new generation   total 4480K, used 4132K [0x52d80000, 0x53240000, 0x5c820000)
  eden space 4096K,  99% used [0x52d80000, 0x5317e660, 0x53180000)
  from space 384K,  11% used [0x53180000, 0x5318ac28, 0x531e0000)
  to   space 384K,   0% used [0x531e0000, 0x531e0000, 0x53240000)
 tenured generation   total 9984K, used 1353K [0x5c820000, 0x5d1e0000, 0x6fd80000)
   the space 9984K,  13% used [0x5c820000, 0x5c972488, 0x5c972600, 0x5d1e0000)
 compacting perm gen  total 7168K, used 6978K [0x6fd80000, 0x70480000, 0x73d80000)
   the space 7168K,  97% used [0x6fd80000, 0x70450858, 0x70450a00, 0x70480000)
No shared spaces configured.

Deoptimization events (0 events):
No events

Internal exceptions (10 events):
Event: 4.224 Thread 0x00c0fbf8 Threw 0x530f4c80 at /openjdk-6-6b34-1.13.6.new/build/openjdk/hotspot/src/share/vm/prims/jni.cpp:716
Event: 4.224 Thread 0x00c0fbf8 Threw 0x530f6040 at /openjdk-6-6b34-1.13.6.new/build/openjdk/hotspot/src/share/vm/interpreter/linkResolver.cpp:814
Event: 4.226 Thread 0x00c0fbf8 Threw 0x530f9d38 at /openjdk-6-6b34-1.13.6.new/build/openjdk/hotspot/src/share/vm/prims/jni.cpp:716
Event: 4.227 Thread 0x00c0fbf8 Threw 0x530fc310 at /openjdk-6-6b34-1.13.6.new/build/openjdk/hotspot/src/share/vm/interpreter/linkResolver.cpp:814
Event: 4.229 Thread 0x00c0fbf8 Threw 0x53104ce8 at /openjdk-6-6b34-1.13.6.new/build/openjdk/hotspot/src/share/vm/prims/jni.cpp:716
Event: 4.230 Thread 0x00c0fbf8 Threw 0x53106018 at /openjdk-6-6b34-1.13.6.new/build/openjdk/hotspot/src/share/vm/interpreter/linkResolver.cpp:814
Event: 4.231 Thread 0x00c0fbf8 Threw 0x5310a608 at /openjdk-6-6b34-1.13.6.new/build/openjdk/hotspot/src/share/vm/prims/jni.cpp:716
Event: 4.232 Thread 0x00c0fbf8 Threw 0x5310bc18 at /openjdk-6-6b34-1.13.6.new/build/openjdk/hotspot/src/share/vm/interpreter/linkResolver.cpp:814
Event: 4.234 Thread 0x00c0fbf8 Threw 0x5310f568 at /openjdk-6-6b34-1.13.6.new/build/openjdk/hotspot/src/share/vm/prims/jni.cpp:716
Event: 4.234 Thread 0x00c0fbf8 Threw 0x53110b50 at /openjdk-6-6b34-1.13.6.new/build/openjdk/hotspot/src/share/vm/interpreter/linkResolver.cpp:814

Events (10 events):
Event: 4.703 Executing VM operation: GenCollectForAllocation done
Event: 4.722 Executing VM operation: GenCollectForAllocation
Event: 4.727 Executing VM operation: GenCollectForAllocation done
Event: 4.740 loading class 0x00bead28
Event: 4.741 loading class 0x00bead28 done
Event: 4.749 Executing VM operation: GenCollectForAllocation
Event: 4.753 Executing VM operation: GenCollectForAllocation done
Event: 4.777 Executing VM operation: GenCollectForAllocation
Event: 4.781 Executing VM operation: GenCollectForAllocation done
Event: 4.803 Executing VM operation: GenCollectForAllocation


Dynamic libraries:
00008000-00012000 r-xp 00000000 b3:06 536483     /usr/lib/jvm/java-6-openjdk-armhf/jre/bin/java
00019000-0001a000 rw-p 00009000 b3:06 536483     /usr/lib/jvm/java-6-openjdk-armhf/jre/bin/java
00b3e000-00cfe000 rw-p 00000000 00:00 0          [heap]
5103c000-510ee000 r-xp 00000000 b3:06 536418     /usr/lib/jvm/java-6-openjdk-armhf/jre/lib/arm/libmlib_image.so
510ee000-510f5000 ---p 000b2000 b3:06 536418     /usr/lib/jvm/java-6-openjdk-armhf/jre/lib/arm/libmlib_image.so
510f5000-510f6000 rw-p 000b1000 b3:06 536418     /usr/lib/jvm/java-6-openjdk-armhf/jre/lib/arm/libmlib_image.so
510f6000-510f9000 ---p 00000000 00:00 0 
510f9000-51276000 rw-p 00000000 00:00 0          [stack:12335]
51300000-51303000 ---p 00000000 00:00 0 
51303000-51480000 rw-p 00000000 00:00 0          [stack:12332]
51480000-51483000 ---p 00000000 00:00 0 
51483000-51600000 rw-p 00000000 00:00 0          [stack:12331]
51600000-5167e000 rw-p 00000000 00:00 0 
5167e000-51700000 ---p 00000000 00:00 0 
51780000-51783000 ---p 00000000 00:00 0 
51783000-51900000 rw-p 00000000 00:00 0          [stack:12330]
51900000-519ff000 rw-p 00000000 00:00 0 
519ff000-51a00000 ---p 00000000 00:00 0 
51a1a000-51a21000 r--s 00000000 b3:06 135265     /var/cache/fontconfig/945677eb7aeaf62f1d50efc3fb3ec7d8-le32d8.cache-3
51a21000-51a29000 r--s 00000000 b3:06 135267     /var/cache/fontconfig/6d41288fd70b0be22e8c3a91e032eec0-le32d8.cache-3
51a29000-51a3c000 r-xp 00000000 b3:06 536432     /usr/lib/jvm/java-6-openjdk-armhf/jre/lib/arm/libnet.so
51a3c000-51a43000 ---p 00013000 b3:06 536432     /usr/lib/jvm/java-6-openjdk-armhf/jre/lib/arm/libnet.so
51a43000-51a44000 rw-p 00012000 b3:06 536432     /usr/lib/jvm/java-6-openjdk-armhf/jre/lib/arm/libnet.so
51a44000-51a4a000 r-xp 00000000 b3:06 534048     /usr/lib/arm-linux-gnueabihf/libXrandr.so.2.2.0
51a4a000-51a51000 ---p 00006000 b3:06 534048     /usr/lib/arm-linux-gnueabihf/libXrandr.so.2.2.0
51a51000-51a52000 rw-p 00005000 b3:06 534048     /usr/lib/arm-linux-gnueabihf/libXrandr.so.2.2.0
51a52000-51a59000 r--s 00000000 b3:06 135265     /var/cache/fontconfig/945677eb7aeaf62f1d50efc3fb3ec7d8-le32d8.cache-3
51a59000-51a61000 r--s 00000000 b3:06 135267     /var/cache/fontconfig/6d41288fd70b0be22e8c3a91e032eec0-le32d8.cache-3
51a61000-51a71000 r--s 00000000 b3:06 135262     /var/cache/fontconfig/d52a8644073d54c13679302ca1180695-le32d8.cache-3
51a76000-51a7b000 r--s 00000000 b3:06 135249     /var/cache/fontconfig/1c2c2997deddd45e0296fa5a60917b7d-le32d8.cache-3
51a7b000-51a8b000 r--s 00000000 b3:06 135262     /var/cache/fontconfig/d52a8644073d54c13679302ca1180695-le32d8.cache-3
51a96000-51a9a000 r-xp 00000000 b3:06 533743     /usr/lib/arm-linux-gnueabihf/libXfixes.so.3.1.0
51a9a000-51aa1000 ---p 00004000 b3:06 533743     /usr/lib/arm-linux-gnueabihf/libXfixes.so.3.1.0
51aa1000-51aa2000 r--p 00003000 b3:06 533743     /usr/lib/arm-linux-gnueabihf/libXfixes.so.3.1.0
51aa2000-51aa3000 rw-p 00004000 b3:06 533743     /usr/lib/arm-linux-gnueabihf/libXfixes.so.3.1.0
51aa3000-51aab000 r-xp 00000000 b3:06 534933     /usr/lib/arm-linux-gnueabihf/libXcursor.so.1.0.2
51aab000-51ab2000 ---p 00008000 b3:06 534933     /usr/lib/arm-linux-gnueabihf/libXcursor.so.1.0.2
51ab2000-51ab3000 rw-p 00007000 b3:06 534933     /usr/lib/arm-linux-gnueabihf/libXcursor.so.1.0.2
51ab4000-51aba000 r-xp 00000000 b3:06 536435     /usr/lib/jvm/java-6-openjdk-armhf/jre/lib/arm/libnio.so
51aba000-51ac1000 ---p 00006000 b3:06 536435     /usr/lib/jvm/java-6-openjdk-armhf/jre/lib/arm/libnio.so
51ac1000-51ac2000 rw-p 00005000 b3:06 536435     /usr/lib/jvm/java-6-openjdk-armhf/jre/lib/arm/libnio.so
51ac2000-51ac8000 r--s 00000000 b3:06 135253     /var/cache/fontconfig/3f7329c5293ffd510edef78f73874cfd-le32d8.cache-3
51ac8000-51acf000 r--s 00000000 b3:06 135266     /var/cache/fontconfig/e13b20fdb08344e0e664864cc2ede53d-le32d8.cache-3
51acf000-51ad2000 ---p 00000000 00:00 0 
51ad2000-51c4f000 rw-p 00000000 00:00 0          [stack:12329]
51c4f000-51c6e000 r-xp 00000000 b3:06 395950     /lib/arm-linux-gnueabihf/libpng12.so.0.49.0
51c6e000-51c75000 ---p 0001f000 b3:06 395950     /lib/arm-linux-gnueabihf/libpng12.so.0.49.0
51c75000-51c76000 r--p 0001e000 b3:06 395950     /lib/arm-linux-gnueabihf/libpng12.so.0.49.0
51c76000-51c77000 rw-p 0001f000 b3:06 395950     /lib/arm-linux-gnueabihf/libpng12.so.0.49.0
51c77000-51c8b000 r-xp 00000000 b3:06 395957     /lib/arm-linux-gnueabihf/libz.so.1.2.7
51c8b000-51c93000 ---p 00014000 b3:06 395957     /lib/arm-linux-gnueabihf/libz.so.1.2.7
51c93000-51c94000 r--p 00014000 b3:06 395957     /lib/arm-linux-gnueabihf/libz.so.1.2.7
51c94000-51c95000 rw-p 00015000 b3:06 395957     /lib/arm-linux-gnueabihf/libz.so.1.2.7
51c95000-51d13000 r-xp 00000000 b3:06 534843     /usr/lib/arm-linux-gnueabihf/libfreetype.so.6.11.1
51d13000-51d1a000 ---p 0007e000 b3:06 534843     /usr/lib/arm-linux-gnueabihf/libfreetype.so.6.11.1
51d1a000-51d1d000 r--p 0007d000 b3:06 534843     /usr/lib/arm-linux-gnueabihf/libfreetype.so.6.11.1
51d1d000-51d1e000 rw-p 00080000 b3:06 534843     /usr/lib/arm-linux-gnueabihf/libfreetype.so.6.11.1
51d22000-51d27000 r--s 00000000 b3:06 135249     /var/cache/fontconfig/1c2c2997deddd45e0296fa5a60917b7d-le32d8.cache-3
51d27000-51d2d000 r--s 00000000 b3:06 135253     /var/cache/fontconfig/3f7329c5293ffd510edef78f73874cfd-le32d8.cache-3
51d2d000-51d6d000 r-xp 00000000 b3:06 536417     /usr/lib/jvm/java-6-openjdk-armhf/jre/lib/arm/libfontmanager.so
51d6d000-51d74000 ---p 00040000 b3:06 536417     /usr/lib/jvm/java-6-openjdk-armhf/jre/lib/arm/libfontmanager.so
51d74000-51d76000 rw-p 0003f000 b3:06 536417     /usr/lib/jvm/java-6-openjdk-armhf/jre/lib/arm/libfontmanager.so
51d76000-51d7a000 r-xp 00000000 b3:06 534798     /usr/lib/arm-linux-gnueabihf/libXdmcp.so.6.0.0
51d7a000-51d81000 ---p 00004000 b3:06 534798     /usr/lib/arm-linux-gnueabihf/libXdmcp.so.6.0.0
51d81000-51d82000 rw-p 00003000 b3:06 534798     /usr/lib/arm-linux-gnueabihf/libXdmcp.so.6.0.0
51d82000-51d84000 r-xp 00000000 b3:06 534728     /usr/lib/arm-linux-gnueabihf/libXau.so.6.0.0
51d84000-51d8b000 ---p 00002000 b3:06 534728     /usr/lib/arm-linux-gnueabihf/libXau.so.6.0.0
51d8b000-51d8c000 rw-p 00001000 b3:06 534728     /usr/lib/arm-linux-gnueabihf/libXau.so.6.0.0
51d8c000-51da2000 r-xp 00000000 b3:06 534341     /usr/lib/arm-linux-gnueabihf/libxcb.so.1.1.0
51da2000-51da9000 ---p 00016000 b3:06 534341     /usr/lib/arm-linux-gnueabihf/libxcb.so.1.1.0
51da9000-51daa000 r--p 00015000 b3:06 534341     /usr/lib/arm-linux-gnueabihf/libxcb.so.1.1.0
51daa000-51dab000 rw-p 00016000 b3:06 534341     /usr/lib/arm-linux-gnueabihf/libxcb.so.1.1.0
51dab000-51db7000 r-xp 00000000 b3:06 534865     /usr/lib/arm-linux-gnueabihf/libXi.so.6.1.0
51db7000-51dbe000 ---p 0000c000 b3:06 534865     /usr/lib/arm-linux-gnueabihf/libXi.so.6.1.0
51dbe000-51dbf000 rw-p 0000b000 b3:06 534865     /usr/lib/arm-linux-gnueabihf/libXi.so.6.1.0
51dbf000-51dc3000 r-xp 00000000 b3:06 533733     /usr/lib/arm-linux-gnueabihf/libXtst.so.6.1.0
51dc3000-51dca000 ---p 00004000 b3:06 533733     /usr/lib/arm-linux-gnueabihf/libXtst.so.6.1.0
51dca000-51dcb000 rw-p 00003000 b3:06 533733     /usr/lib/arm-linux-gnueabihf/libXtst.so.6.1.0
51dcb000-51dd3000 r-xp 00000000 b3:06 534366     /usr/lib/arm-linux-gnueabihf/libXrender.so.1.3.0
51dd3000-51dda000 ---p 00008000 b3:06 534366     /usr/lib/arm-linux-gnueabihf/libXrender.so.1.3.0
51dda000-51ddb000 rw-p 00007000 b3:06 534366     /usr/lib/arm-linux-gnueabihf/libXrender.so.1.3.0
51ddb000-51ee4000 r-xp 00000000 b3:06 535182     /usr/lib/arm-linux-gnueabihf/libX11.so.6.3.0
51ee4000-51eeb000 ---p 00109000 b3:06 535182     /usr/lib/arm-linux-gnueabihf/libX11.so.6.3.0
51eeb000-51eef000 rw-p 00108000 b3:06 535182     /usr/lib/arm-linux-gnueabihf/libX11.so.6.3.0
51eef000-51efc000 r-xp 00000000 b3:06 534532     /usr/lib/arm-linux-gnueabihf/libXext.so.6.4.0
51efc000-51f04000 ---p 0000d000 b3:06 534532     /usr/lib/arm-linux-gnueabihf/libXext.so.6.4.0
51f04000-51f05000 rw-p 0000d000 b3:06 534532     /usr/lib/arm-linux-gnueabihf/libXext.so.6.4.0
51f06000-51f0d000 r--s 00000000 b3:06 135266     /var/cache/fontconfig/e13b20fdb08344e0e664864cc2ede53d-le32d8.cache-3
51f0d000-51f14000 r--s 00053000 b3:06 536366     /usr/lib/jvm/java-6-openjdk-common/jre/lib/resources.jar
51f14000-51f54000 r-xp 00000000 b3:06 536576     /usr/lib/jvm/java-6-openjdk-armhf/jre/lib/arm/xawt/libmawt.so
51f54000-51f56000 rw-p 00040000 b3:06 536576     /usr/lib/jvm/java-6-openjdk-armhf/jre/lib/arm/xawt/libmawt.so
51f56000-51f57000 rw-p 00000000 00:00 0 
51f57000-51fd7000 r-xp 00000000 b3:06 536433     /usr/lib/jvm/java-6-openjdk-armhf/jre/lib/arm/libawt.so
51fd7000-51fde000 ---p 00080000 b3:06 536433     /usr/lib/jvm/java-6-openjdk-armhf/jre/lib/arm/libawt.so
51fde000-51fe5000 rw-p 0007f000 b3:06 536433     /usr/lib/jvm/java-6-openjdk-armhf/jre/lib/arm/libawt.so
51fe5000-52009000 rw-p 00000000 00:00 0 
52009000-5200c000 ---p 00000000 00:00 0 
5200c000-52189000 rw-p 00000000 00:00 0          [stack:12325]
52189000-5218c000 ---p 00000000 00:00 0 
5218c000-52309000 rw-p 00000000 00:00 0          [stack:12324]
52309000-52480000 r--p 00000000 b3:06 536050     /usr/lib/locale/locale-archive
52480000-52483000 ---p 00000000 00:00 0 
52483000-52600000 rw-p 00000000 00:00 0          [stack:12323]
52600000-52700000 rw-p 00000000 00:00 0 
52704000-52708000 r--s 00017000 b3:06 279999     /home/pi/Downloads/thumbnailator-0.4.8.jar
52708000-52730000 rw-p 00000000 00:00 0 
52730000-52731000 ---p 00000000 00:00 0 
52731000-527d0000 rw-p 00000000 00:00 0          [stack:12326]
527d0000-527d3000 ---p 00000000 00:00 0 
527d3000-52950000 rw-p 00000000 00:00 0          [stack:12322]
52950000-52951000 ---p 00000000 00:00 0 
52951000-52a24000 rw-p 00000000 00:00 0          [stack:12321]
52a24000-52bbb000 r--s 019e3000 b3:06 536408     /usr/lib/jvm/java-6-openjdk-armhf/jre/lib/rt.jar
52bbb000-52bbf000 rw-p 00000000 00:00 0 
52bbf000-52bdc000 rw-p 00000000 00:00 0 
52bdc000-52be1000 rw-p 00000000 00:00 0 
52be1000-52c77000 rw-p 00000000 00:00 0 
52c77000-52c7a000 rw-p 00000000 00:00 0 
52c7a000-52cc4000 rw-p 00000000 00:00 0 
52cc4000-52cca000 rw-p 00000000 00:00 0 
52cca000-52d5f000 rw-p 00000000 00:00 0 
52d5f000-52d63000 rw-p 00000000 00:00 0 
52d63000-52d7f000 rw-p 00000000 00:00 0 
52d7f000-53240000 rw-p 00000000 00:00 0 
53240000-5c820000 rw-p 00000000 00:00 0 
5c820000-5d1e0000 rw-p 00000000 00:00 0 
5d1e0000-6fd80000 rw-p 00000000 00:00 0 
6fd80000-70480000 rw-p 00000000 00:00 0 
70480000-73d80000 rw-p 00000000 00:00 0 
73d80000-73d82000 r--s 00001000 b3:06 536373     /usr/lib/jvm/java-6-openjdk-common/jre/lib/ext/dnsns.jar
73d82000-73d86000 r--s 00078000 b3:06 536375     /usr/lib/jvm/java-6-openjdk-common/jre/lib/ext/localedata.jar
73d86000-73d8a000 r--s 00039000 b3:06 536376     /usr/lib/jvm/java-6-openjdk-common/jre/lib/ext/sunpkcs11.jar
73d8a000-73d8b000 rw-p 00000000 00:00 0 
73d8b000-73e0a000 rw-p 00000000 00:00 0 
73e0a000-73e32000 rwxp 00000000 00:00 0 
73e32000-75e0a000 rw-p 00000000 00:00 0 
75e0a000-75e18000 r-xp 00000000 b3:06 536442     /usr/lib/jvm/java-6-openjdk-armhf/jre/lib/arm/libzip.so
75e18000-75e1f000 ---p 0000e000 b3:06 536442     /usr/lib/jvm/java-6-openjdk-armhf/jre/lib/arm/libzip.so
75e1f000-75e21000 rw-p 0000d000 b3:06 536442     /usr/lib/jvm/java-6-openjdk-armhf/jre/lib/arm/libzip.so
75e21000-75e2b000 r-xp 00000000 b3:06 395984     /lib/arm-linux-gnueabihf/libnss_files-2.13.so
75e2b000-75e32000 ---p 0000a000 b3:06 395984     /lib/arm-linux-gnueabihf/libnss_files-2.13.so
75e32000-75e33000 r--p 00009000 b3:06 395984     /lib/arm-linux-gnueabihf/libnss_files-2.13.so
75e33000-75e34000 rw-p 0000a000 b3:06 395984     /lib/arm-linux-gnueabihf/libnss_files-2.13.so
75e34000-75e3d000 r-xp 00000000 b3:06 395960     /lib/arm-linux-gnueabihf/libnss_nis-2.13.so
75e3d000-75e44000 ---p 00009000 b3:06 395960     /lib/arm-linux-gnueabihf/libnss_nis-2.13.so
75e44000-75e45000 r--p 00008000 b3:06 395960     /lib/arm-linux-gnueabihf/libnss_nis-2.13.so
75e45000-75e46000 rw-p 00009000 b3:06 395960     /lib/arm-linux-gnueabihf/libnss_nis-2.13.so
75e46000-75e4c000 r-xp 00000000 b3:06 395999     /lib/arm-linux-gnueabihf/libnss_compat-2.13.so
75e4c000-75e53000 ---p 00006000 b3:06 395999     /lib/arm-linux-gnueabihf/libnss_compat-2.13.so
75e53000-75e54000 r--p 00005000 b3:06 395999     /lib/arm-linux-gnueabihf/libnss_compat-2.13.so
75e54000-75e55000 rw-p 00006000 b3:06 395999     /lib/arm-linux-gnueabihf/libnss_compat-2.13.so
75e55000-75e66000 r-xp 00000000 b3:06 396047     /lib/arm-linux-gnueabihf/libnsl-2.13.so
75e66000-75e6d000 ---p 00011000 b3:06 396047     /lib/arm-linux-gnueabihf/libnsl-2.13.so
75e6d000-75e6e000 r--p 00010000 b3:06 396047     /lib/arm-linux-gnueabihf/libnsl-2.13.so
75e6e000-75e6f000 rw-p 00011000 b3:06 396047     /lib/arm-linux-gnueabihf/libnsl-2.13.so
75e6f000-75e71000 rw-p 00000000 00:00 0 
75e71000-75e95000 r-xp 00000000 b3:06 536448     /usr/lib/jvm/java-6-openjdk-armhf/jre/lib/arm/libjava.so
75e95000-75e9d000 ---p 00024000 b3:06 536448     /usr/lib/jvm/java-6-openjdk-armhf/jre/lib/arm/libjava.so
75e9d000-75e9f000 rw-p 00024000 b3:06 536448     /usr/lib/jvm/java-6-openjdk-armhf/jre/lib/arm/libjava.so
75e9f000-75eaa000 r-xp 00000000 b3:06 536447     /usr/lib/jvm/java-6-openjdk-armhf/jre/lib/arm/libverify.so
75eaa000-75eb2000 ---p 0000b000 b3:06 536447     /usr/lib/jvm/java-6-openjdk-armhf/jre/lib/arm/libverify.so
75eb2000-75eb3000 rw-p 0000b000 b3:06 536447     /usr/lib/jvm/java-6-openjdk-armhf/jre/lib/arm/libverify.so
75eb3000-75eb9000 r-xp 00000000 b3:06 396111     /lib/arm-linux-gnueabihf/librt-2.13.so
75eb9000-75ec0000 ---p 00006000 b3:06 396111     /lib/arm-linux-gnueabihf/librt-2.13.so
75ec0000-75ec1000 r--p 00005000 b3:06 396111     /lib/arm-linux-gnueabihf/librt-2.13.so
75ec1000-75ec2000 rw-p 00006000 b3:06 396111     /lib/arm-linux-gnueabihf/librt-2.13.so
75ec2000-75ec6000 ---p 00000000 00:00 0 
75ec6000-76042000 rw-p 00000000 00:00 0          [stack:12318]
76042000-76842000 rwxp 00000000 00:00 0 
76842000-76862000 r-xp 00000000 b3:06 396136     /lib/arm-linux-gnueabihf/libgcc_s.so.1
76862000-76869000 ---p 00020000 b3:06 396136     /lib/arm-linux-gnueabihf/libgcc_s.so.1
76869000-7686a000 rw-p 0001f000 b3:06 396136     /lib/arm-linux-gnueabihf/libgcc_s.so.1
7686a000-768d2000 r-xp 00000000 b3:06 395944     /lib/arm-linux-gnueabihf/libm-2.13.so
768d2000-768d9000 ---p 00068000 b3:06 395944     /lib/arm-linux-gnueabihf/libm-2.13.so
768d9000-768da000 r--p 00067000 b3:06 395944     /lib/arm-linux-gnueabihf/libm-2.13.so
768da000-768db000 rw-p 00068000 b3:06 395944     /lib/arm-linux-gnueabihf/libm-2.13.so
768db000-7699a000 r-xp 00000000 b3:06 534692     /usr/lib/arm-linux-gnueabihf/libstdc++.so.6.0.19
7699a000-769a1000 ---p 000bf000 b3:06 534692     /usr/lib/arm-linux-gnueabihf/libstdc++.so.6.0.19
769a1000-769a5000 r--p 000be000 b3:06 534692     /usr/lib/arm-linux-gnueabihf/libstdc++.so.6.0.19
769a5000-769a7000 rw-p 000c2000 b3:06 534692     /usr/lib/arm-linux-gnueabihf/libstdc++.so.6.0.19
769a7000-769ad000 rw-p 00000000 00:00 0 
769ad000-76db2000 r-xp 00000000 b3:06 536423     /usr/lib/jvm/java-6-openjdk-armhf/jre/lib/arm/server/libjvm.so
76db2000-76dba000 ---p 00405000 b3:06 536423     /usr/lib/jvm/java-6-openjdk-armhf/jre/lib/arm/server/libjvm.so
76dba000-76dd9000 rw-p 00405000 b3:06 536423     /usr/lib/jvm/java-6-openjdk-armhf/jre/lib/arm/server/libjvm.so
76dd9000-76e34000 rw-p 00000000 00:00 0 
76e34000-76f58000 r-xp 00000000 b3:06 395977     /lib/arm-linux-gnueabihf/libc-2.13.so
76f58000-76f5f000 ---p 00124000 b3:06 395977     /lib/arm-linux-gnueabihf/libc-2.13.so
76f5f000-76f61000 r--p 00123000 b3:06 395977     /lib/arm-linux-gnueabihf/libc-2.13.so
76f61000-76f62000 rw-p 00125000 b3:06 395977     /lib/arm-linux-gnueabihf/libc-2.13.so
76f62000-76f65000 rw-p 00000000 00:00 0 
76f65000-76f67000 r-xp 00000000 b3:06 396143     /lib/arm-linux-gnueabihf/libdl-2.13.so
76f67000-76f6e000 ---p 00002000 b3:06 396143     /lib/arm-linux-gnueabihf/libdl-2.13.so
76f6e000-76f6f000 r--p 00001000 b3:06 396143     /lib/arm-linux-gnueabihf/libdl-2.13.so
76f6f000-76f70000 rw-p 00002000 b3:06 396143     /lib/arm-linux-gnueabihf/libdl-2.13.so
76f70000-76f77000 r-xp 00000000 b3:06 536446     /usr/lib/jvm/java-6-openjdk-armhf/jre/lib/arm/jli/libjli.so
76f77000-76f7e000 ---p 00007000 b3:06 536446     /usr/lib/jvm/java-6-openjdk-armhf/jre/lib/arm/jli/libjli.so
76f7e000-76f80000 rw-p 00006000 b3:06 536446     /usr/lib/jvm/java-6-openjdk-armhf/jre/lib/arm/jli/libjli.so
76f80000-76f94000 r-xp 00000000 b3:06 396110     /lib/arm-linux-gnueabihf/libpthread-2.13.so
76f94000-76f9b000 ---p 00014000 b3:06 396110     /lib/arm-linux-gnueabihf/libpthread-2.13.so
76f9b000-76f9c000 r--p 00013000 b3:06 396110     /lib/arm-linux-gnueabihf/libpthread-2.13.so
76f9c000-76f9d000 rw-p 00014000 b3:06 396110     /lib/arm-linux-gnueabihf/libpthread-2.13.so
76f9d000-76f9f000 rw-p 00000000 00:00 0 
76fa0000-76fa2000 r--s 0000f000 b3:06 536377     /usr/lib/jvm/java-6-openjdk-common/jre/lib/ext/pulse-java.jar
76fa2000-76fa6000 r--s 00031000 b3:06 536374     /usr/lib/jvm/java-6-openjdk-common/jre/lib/ext/sunjce_provider.jar
76fa6000-76fae000 rw-s 00000000 b3:06 280389     /tmp/hsperfdata_pi/12311
76fae000-76fb0000 r-xp 00000000 b3:06 535266     /usr/lib/arm-linux-gnueabihf/libcofi_rpi.so
76fb0000-76fb7000 ---p 00002000 b3:06 535266     /usr/lib/arm-linux-gnueabihf/libcofi_rpi.so
76fb7000-76fb8000 rw-p 00001000 b3:06 535266     /usr/lib/arm-linux-gnueabihf/libcofi_rpi.so
76fb8000-76fd5000 r-xp 00000000 b3:06 396029     /lib/arm-linux-gnueabihf/ld-2.13.so
76fd5000-76fd6000 r--s 00007000 b3:06 673660     /usr/share/java/java-atk-wrapper.jar
76fd6000-76fd7000 rw-p 00000000 00:00 0 
76fd7000-76fd8000 ---p 00000000 00:00 0 
76fd8000-76fdb000 rw-p 00000000 00:00 0 
76fdb000-76fdd000 rw-p 00000000 00:00 0 
76fdd000-76fde000 r--p 0001d000 b3:06 396029     /lib/arm-linux-gnueabihf/ld-2.13.so
76fde000-76fdf000 rw-p 0001e000 b3:06 396029     /lib/arm-linux-gnueabihf/ld-2.13.so
7ed68000-7ed89000 rw-p 00000000 00:00 0          [stack]
7efd2000-7efd3000 r-xp 00000000 00:00 0          [sigpage]
ffff0000-ffff1000 r-xp 00000000 00:00 0          [vectors]

VM Arguments:
jvm_args: -Dfile.encoding=UTF-8 
java_command: Main
Launcher Type: SUN_STANDARD

Environment Variables:
PATH=/usr/local/sbin:/usr/local/bin:/usr/sbin:/usr/bin:/sbin:/bin:/usr/local/games:/usr/games
LD_LIBRARY_PATH=/usr/lib/jvm/java-6-openjdk-armhf/jre/lib/arm/server:/usr/lib/jvm/java-6-openjdk-armhf/jre/lib/arm:/usr/lib/jvm/java-6-openjdk-armhf/jre/../lib/arm
SHELL=/bin/bash
DISPLAY=:0.0

Signal Handlers:
SIGSEGV: [libjvm.so+0x3b56e0], sa_mask[0]=0x7ffbfeff, sa_flags=0x10000004
SIGBUS: [libjvm.so+0x3b56e0], sa_mask[0]=0x7ffbfeff, sa_flags=0x10000004
SIGFPE: [libjvm.so+0x2e8d2c], sa_mask[0]=0x7ffbfeff, sa_flags=0x10000004
SIGPIPE: [libjvm.so+0x2e8d2c], sa_mask[0]=0x7ffbfeff, sa_flags=0x10000004
SIGXFSZ: [libjvm.so+0x2e8d2c], sa_mask[0]=0x7ffbfeff, sa_flags=0x10000004
SIGILL: [libjvm.so+0x2e8d2c], sa_mask[0]=0x7ffbfeff, sa_flags=0x10000004
SIGUSR1: SIG_DFL, sa_mask[0]=0x00000000, sa_flags=0x00000000
SIGUSR2: [libjvm.so+0x2e8ef0], sa_mask[0]=0x00000004, sa_flags=0x10000004
SIGHUP: [libjvm.so+0x2e95fc], sa_mask[0]=0x7ffbfeff, sa_flags=0x10000004
SIGINT: [libjvm.so+0x2e95fc], sa_mask[0]=0x7ffbfeff, sa_flags=0x10000004
SIGTERM: [libjvm.so+0x2e95fc], sa_mask[0]=0x7ffbfeff, sa_flags=0x10000004
SIGQUIT: [libjvm.so+0x2e95fc], sa_mask[0]=0x7ffbfeff, sa_flags=0x10000004


---------------  S Y S T E M  ---------------

OS:7.8

uname:Linux 3.18.7-v7+ #755 SMP PREEMPT Thu Feb 12 17:20:48 GMT 2015 armv7l
libc:glibc 2.13 NPTL 2.13 
rlimit: STACK 8192k, CORE 0k, NPROC 7349, NOFILE 4096, AS infinity
load average:1.85 1.83 2.50

/proc/meminfo:
MemTotal:         949328 kB
MemFree:           82320 kB
MemAvailable:     345192 kB
Buffers:           31272 kB
Cached:           300604 kB
SwapCached:            0 kB
Active:           646300 kB
Inactive:         188088 kB
Active(anon):     502632 kB
Inactive(anon):    52944 kB
Active(file):     143668 kB
Inactive(file):   135144 kB
Unevictable:           0 kB
Mlocked:               0 kB
SwapTotal:        102396 kB
SwapFree:         102396 kB
Dirty:               144 kB
Writeback:             0 kB
AnonPages:        502640 kB
Mapped:           165460 kB
Shmem:             53068 kB
Slab:              17228 kB
SReclaimable:       9076 kB
SUnreclaim:         8152 kB
KernelStack:        2360 kB
PageTables:         3868 kB
NFS_Unstable:          0 kB
Bounce:                0 kB
WritebackTmp:          0 kB
CommitLimit:      577060 kB
Committed_AS:    1096972 kB
VmallocTotal:    1105920 kB
VmallocUsed:        3920 kB
VmallocChunk:     865016 kB


CPU:total 4 

/proc/cpuinfo:
processor	: 0
model name	: ARMv7 Processor rev 5 (v7l)
BogoMIPS	: 57.60
Features	: half thumb fastmult vfp edsp neon vfpv3 tls vfpv4 idiva idivt vfpd32 lpae evtstrm 
CPU implementer	: 0x41
CPU architecture: 7
CPU variant	: 0x0
CPU part	: 0xc07
CPU revision	: 5

processor	: 1
model name	: ARMv7 Processor rev 5 (v7l)
BogoMIPS	: 57.60
Features	: half thumb fastmult vfp edsp neon vfpv3 tls vfpv4 idiva idivt vfpd32 lpae evtstrm 
CPU implementer	: 0x41
CPU architecture: 7
CPU variant	: 0x0
CPU part	: 0xc07
CPU revision	: 5

processor	: 2
model name	: ARMv7 Processor rev 5 (v7l)
BogoMIPS	: 57.60
Features	: half thumb fastmult vfp edsp neon vfpv3 tls vfpv4 idiva idivt vfpd32 lpae evtstrm 
CPU implementer	: 0x41
CPU architecture: 7
CPU variant	: 0x0
CPU part	: 0xc07
CPU revision	: 5

processor	: 3
model name	: ARMv7 Processor rev 5 (v7l)
BogoMIPS	: 57.60
Features	: half thumb fastmult vfp edsp neon vfpv3 tls vfpv4 idiva idivt vfpd32 lpae evtstrm 
CPU implementer	: 0x41
CPU architecture: 7
CPU variant	: 0x0
CPU part	: 0xc07
CPU revision	: 5

Hardware	: BCM2709
Revision	: a01041
Serial		: 0000000063c1497d


Memory: 4k page, physical 949328k(82320k free), swap 102396k(102396k free)

vm_info: OpenJDK Zero VM (23.25-b01) for linux-arm-vfp JRE (1.6.0_34-b34), built on Feb  1 2015 07:15:48 by "root" with gcc 4.7.2

time: Sun Apr 26 19:17:59 2015
elapsed time: 4 seconds

