#
# A fatal error has been detected by the Java Runtime Environment:
#
#  Internal Error (os_linux_zero.cpp:285), pid=10019, tid=1385755760
#  fatal error: caught unhandled signal 11
#
# JRE version: 6.0_34-b34
# Java VM: OpenJDK Zero VM (23.25-b01 mixed mode linux-arm )
# Derivative: IcedTea6 1.13.6
# Distribution: Debian GNU/Linux 7.8 (wheezy), package 6b34-1.13.6-1~deb7u1+rpi1
# Failed to write core dump. Core dumps have been disabled. To enable core dumping, try "ulimit -c unlimited" before starting Java again
#
# If you would like to submit a bug report, please include
# instructions how to reproduce the bug and visit:
#   http://icedtea.classpath.org/bugzilla
#

---------------  T H R E A D  ---------------

Current thread (0x01366d38):  VMThread [stack: 0x528f1000,0x52990000] [id=10025]

Stack: [0x528f1000,0x52990000],  sp=0x5298e6ec,  free space=629k
VM_Operation (0x75f1d49c): GenCollectForAllocation, mode: safepoint, requested by thread 0x012f7000


---------------  P R O C E S S  ---------------

Java Threads: ( => current thread )
  0x52306ca0 JavaThread "AWT-EventQueue-1" [_thread_blocked, id=10036, stack(0x51534000,0x516b4000)]
  0x015ab310 JavaThread "AWT-Shutdown" [_thread_blocked, id=10035, stack(0x516b4000,0x51834000)]
  0x0152a2f8 JavaThread "AWT-XAWT" daemon [_thread_in_native, id=10034, stack(0x51834000,0x519b4000)]
  0x01496048 JavaThread "Java2D Disposer" daemon [_thread_blocked, id=10032, stack(0x51a69000,0x51be9000)]
  0x013b7890 JavaThread "Low Memory Detector" daemon [_thread_blocked, id=10029, stack(0x52000000,0x52180000)]
  0x013b5e00 JavaThread "Signal Dispatcher" daemon [_thread_blocked, id=10028, stack(0x52180000,0x52300000)]
  0x01373e70 JavaThread "Finalizer" daemon [_thread_blocked, id=10027, stack(0x525f0000,0x52770000)]
  0x013728e8 JavaThread "Reference Handler" daemon [_thread_blocked, id=10026, stack(0x52770000,0x528f0000)]
  0x012f7000 JavaThread "main" [_thread_blocked, id=10023, stack(0x75e5c000,0x75fdb000)]

Other Threads:
=>0x01366d38 VMThread [stack: 0x528f1000,0x52990000] [id=10025]
  0x013b9588 WatcherThread [stack: 0x51f61000,0x52000000] [id=10030]

VM state:synchronizing (normal execution)

VM Mutex/Monitor currently owned by a thread:  ([mutex/lock_event])
[0x012f6140] Safepoint_lock - owner thread: 0x01366d38
[0x012f61a8] Threads_lock - owner thread: 0x01366d38
[0x012f65b8] Heap_lock - owner thread: 0x012f7000

Heap
 def new generation   total 4480K, used 4151K [0x52d20000, 0x531e0000, 0x5c7c0000)
  eden space 4096K,  99% used [0x52d20000, 0x5311ef00, 0x53120000)
  from space 384K,  15% used [0x53180000, 0x5318eff0, 0x531e0000)
  to   space 384K,   0% used [0x53120000, 0x53120000, 0x53180000)
 tenured generation   total 9984K, used 1361K [0x5c7c0000, 0x5d180000, 0x6fd20000)
   the space 9984K,  13% used [0x5c7c0000, 0x5c914638, 0x5c914800, 0x5d180000)
 compacting perm gen  total 6912K, used 6779K [0x6fd20000, 0x703e0000, 0x73d20000)
   the space 6912K,  98% used [0x6fd20000, 0x703bec70, 0x703bee00, 0x703e0000)
No shared spaces configured.

Card table byte_map: [0x52c17000,0x52d20000] byte_map_base: 0x52980700

Polling page: 0x76f70000

Code Cache  [0x73da3000, 0x73dcb000, 0x75da3000)
 total_blobs=177 nmethods=0 adapters=170 free_code_cache=32691Kb largest_free_block=33476544

Compilation events (0 events):
No events

GC Heap History (10 events):
Event: 3.391 GC heap before
{Heap before GC invocations=0 (full 0):
 def new generation   total 4480K, used 4090K [0x52d20000, 0x531e0000, 0x5c7c0000)
  eden space 4096K,  99% used [0x52d20000, 0x5311ea48, 0x53120000)
  from space 384K,   0% used [0x53120000, 0x53120000, 0x53180000)
  to   space 384K,   0% used [0x53180000, 0x53180000, 0x531e0000)
 tenured generation   total 9984K, used 0K [0x5c7c0000, 0x5d180000, 0x6fd20000)
   the space 9984K,   0% used [0x5c7c0000, 0x5c7c0000, 0x5c7c0200, 0x5d180000)
 compacting perm gen  total 6912K, used 6668K [0x6fd20000, 0x703e0000, 0x73d20000)
   the space 6912K,  96% used [0x6fd20000, 0x703a31f8, 0x703a3200, 0x703e0000)
No shared spaces configured.
Event: 3.455 GC heap after
Heap after GC invocations=1 (full 0):
 def new generation   total 4480K, used 384K [0x52d20000, 0x531e0000, 0x5c7c0000)
  eden space 4096K,   0% used [0x52d20000, 0x52d20000, 0x53120000)
  from space 384K, 100% used [0x53180000, 0x531e0000, 0x531e0000)
  to   space 384K,   0% used [0x53120000, 0x53120000, 0x53180000)
 tenured generation   total 9984K, used 984K [0x5c7c0000, 0x5d180000, 0x6fd20000)
   the space 9984K,   9% used [0x5c7c0000, 0x5c8b6298, 0x5c8b6400, 0x5d180000)
 compacting perm gen  total 6912K, used 6668K [0x6fd20000, 0x703e0000, 0x73d20000)
   the space 6912K,  96% used [0x6fd20000, 0x703a31f8, 0x703a3200, 0x703e0000)
No shared spaces configured.
}
Event: 3.479 GC heap before
{Heap before GC invocations=1 (full 0):
 def new generation   total 4480K, used 4477K [0x52d20000, 0x531e0000, 0x5c7c0000)
  eden space 4096K,  99% used [0x52d20000, 0x5311f668, 0x53120000)
  from space 384K, 100% used [0x53180000, 0x531e0000, 0x531e0000)
  to   space 384K,   0% used [0x53120000, 0x53120000, 0x53180000)
 tenured generation   total 9984K, used 984K [0x5c7c0000, 0x5d180000, 0x6fd20000)
   the space 9984K,   9% used [0x5c7c0000, 0x5c8b6298, 0x5c8b6400, 0x5d180000)
 compacting perm gen  total 6912K, used 6668K [0x6fd20000, 0x703e0000, 0x73d20000)
   the space 6912K,  96% used [0x6fd20000, 0x703a31f8, 0x703a3200, 0x703e0000)
No shared spaces configured.
Event: 3.518 GC heap after
Heap after GC invocations=2 (full 0):
 def new generation   total 4480K, used 46K [0x52d20000, 0x531e0000, 0x5c7c0000)
  eden space 4096K,   0% used [0x52d20000, 0x52d20000, 0x53120000)
  from space 384K,  12% used [0x53120000, 0x5312baf0, 0x53180000)
  to   space 384K,   0% used [0x53180000, 0x53180000, 0x531e0000)
 tenured generation   total 9984K, used 1361K [0x5c7c0000, 0x5d180000, 0x6fd20000)
   the space 9984K,  13% used [0x5c7c0000, 0x5c914638, 0x5c914800, 0x5d180000)
 compacting perm gen  total 6912K, used 6668K [0x6fd20000, 0x703e0000, 0x73d20000)
   the space 6912K,  96% used [0x6fd20000, 0x703a31f8, 0x703a3200, 0x703e0000)
No shared spaces configured.
}
Event: 3.546 GC heap before
{Heap before GC invocations=2 (full 0):
 def new generation   total 4480K, used 4139K [0x52d20000, 0x531e0000, 0x5c7c0000)
  eden space 4096K,  99% used [0x52d20000, 0x5311f4f0, 0x53120000)
  from space 384K,  12% used [0x53120000, 0x5312baf0, 0x53180000)
  to   space 384K,   0% used [0x53180000, 0x53180000, 0x531e0000)
 tenured generation   total 9984K, used 1361K [0x5c7c0000, 0x5d180000, 0x6fd20000)
   the space 9984K,  13% used [0x5c7c0000, 0x5c914638, 0x5c914800, 0x5d180000)
 compacting perm gen  total 6912K, used 6668K [0x6fd20000, 0x703e0000, 0x73d20000)
   the space 6912K,  96% used [0x6fd20000, 0x703a31f8, 0x703a3200, 0x703e0000)
No shared spaces configured.
Event: 3.573 GC heap after
Heap after GC invocations=3 (full 0):
 def new generation   total 4480K, used 62K [0x52d20000, 0x531e0000, 0x5c7c0000)
  eden space 4096K,   0% used [0x52d20000, 0x52d20000, 0x53120000)
  from space 384K,  16% used [0x53180000, 0x5318fb30, 0x531e0000)
  to   space 384K,   0% used [0x53120000, 0x53120000, 0x53180000)
 tenured generation   total 9984K, used 1361K [0x5c7c0000, 0x5d180000, 0x6fd20000)
   the space 9984K,  13% used [0x5c7c0000, 0x5c914638, 0x5c914800, 0x5d180000)
 compacting perm gen  total 6912K, used 6668K [0x6fd20000, 0x703e0000, 0x73d20000)
   the space 6912K,  96% used [0x6fd20000, 0x703a31f8, 0x703a3200, 0x703e0000)
No shared spaces configured.
}
Event: 3.604 GC heap before
{Heap before GC invocations=3 (full 0):
 def new generation   total 4480K, used 4153K [0x52d20000, 0x531e0000, 0x5c7c0000)
  eden space 4096K,  99% used [0x52d20000, 0x5311ec40, 0x53120000)
  from space 384K,  16% used [0x53180000, 0x5318fb30, 0x531e0000)
  to   space 384K,   0% used [0x53120000, 0x53120000, 0x53180000)
 tenured generation   total 9984K, used 1361K [0x5c7c0000, 0x5d180000, 0x6fd20000)
   the space 9984K,  13% used [0x5c7c0000, 0x5c914638, 0x5c914800, 0x5d180000)
 compacting perm gen  total 6912K, used 6668K [0x6fd20000, 0x703e0000, 0x73d20000)
   the space 6912K,  96% used [0x6fd20000, 0x703a31f8, 0x703a3200, 0x703e0000)
No shared spaces configured.
Event: 3.606 GC heap after
Heap after GC invocations=4 (full 0):
 def new generation   total 4480K, used 45K [0x52d20000, 0x531e0000, 0x5c7c0000)
  eden space 4096K,   0% used [0x52d20000, 0x52d20000, 0x53120000)
  from space 384K,  11% used [0x53120000, 0x5312b500, 0x53180000)
  to   space 384K,   0% used [0x53180000, 0x53180000, 0x531e0000)
 tenured generation   total 9984K, used 1361K [0x5c7c0000, 0x5d180000, 0x6fd20000)
   the space 9984K,  13% used [0x5c7c0000, 0x5c914638, 0x5c914800, 0x5d180000)
 compacting perm gen  total 6912K, used 6668K [0x6fd20000, 0x703e0000, 0x73d20000)
   the space 6912K,  96% used [0x6fd20000, 0x703a31f8, 0x703a3200, 0x703e0000)
No shared spaces configured.
}
Event: 3.629 GC heap before
{Heap before GC invocations=4 (full 0):
 def new generation   total 4480K, used 4116K [0x52d20000, 0x531e0000, 0x5c7c0000)
  eden space 4096K,  99% used [0x52d20000, 0x53119e58, 0x53120000)
  from space 384K,  11% used [0x53120000, 0x5312b500, 0x53180000)
  to   space 384K,   0% used [0x53180000, 0x53180000, 0x531e0000)
 tenured generation   total 9984K, used 1361K [0x5c7c0000, 0x5d180000, 0x6fd20000)
   the space 9984K,  13% used [0x5c7c0000, 0x5c914638, 0x5c914800, 0x5d180000)
 compacting perm gen  total 6912K, used 6691K [0x6fd20000, 0x703e0000, 0x73d20000)
   the space 6912K,  96% used [0x6fd20000, 0x703a8d38, 0x703a8e00, 0x703e0000)
No shared spaces configured.
Event: 3.633 GC heap after
Heap after GC invocations=5 (full 0):
 def new generation   total 4480K, used 59K [0x52d20000, 0x531e0000, 0x5c7c0000)
  eden space 4096K,   0% used [0x52d20000, 0x52d20000, 0x53120000)
  from space 384K,  15% used [0x53180000, 0x5318eff0, 0x531e0000)
  to   space 384K,   0% used [0x53120000, 0x53120000, 0x53180000)
 tenured generation   total 9984K, used 1361K [0x5c7c0000, 0x5d180000, 0x6fd20000)
   the space 9984K,  13% used [0x5c7c0000, 0x5c914638, 0x5c914800, 0x5d180000)
 compacting perm gen  total 6912K, used 6691K [0x6fd20000, 0x703e0000, 0x73d20000)
   the space 6912K,  96% used [0x6fd20000, 0x703a8d38, 0x703a8e00, 0x703e0000)
No shared spaces configured.
}

Deoptimization events (0 events):
No events

Internal exceptions (10 events):
Event: 3.028 Thread 0x012f7000 Threw 0x52f4c1d0 at /openjdk-6-6b34-1.13.6.new/build/openjdk/hotspot/src/share/vm/classfile/systemDictionary.cpp:179
Event: 3.028 Thread 0x012f7000 Threw 0x52f4c450 at /openjdk-6-6b34-1.13.6.new/build/openjdk/hotspot/src/share/vm/prims/jvm.cpp:1272
Event: 3.031 Thread 0x012f7000 Threw 0x52f4dd88 at /openjdk-6-6b34-1.13.6.new/build/openjdk/hotspot/src/share/vm/classfile/systemDictionary.cpp:179
Event: 3.032 Thread 0x012f7000 Threw 0x52f4e000 at /openjdk-6-6b34-1.13.6.new/build/openjdk/hotspot/src/share/vm/prims/jvm.cpp:1272
Event: 3.323 Thread 0x012f7000 Threw 0x52facf20 at /openjdk-6-6b34-1.13.6.new/build/openjdk/hotspot/src/share/vm/classfile/systemDictionary.cpp:179
Event: 3.323 Thread 0x012f7000 Threw 0x52fad198 at /openjdk-6-6b34-1.13.6.new/build/openjdk/hotspot/src/share/vm/prims/jvm.cpp:1272
Event: 3.361 Thread 0x012f7000 Threw 0x52fe7180 at /openjdk-6-6b34-1.13.6.new/build/openjdk/hotspot/src/share/vm/classfile/systemDictionary.cpp:179
Event: 3.361 Thread 0x012f7000 Threw 0x52fe7408 at /openjdk-6-6b34-1.13.6.new/build/openjdk/hotspot/src/share/vm/prims/jvm.cpp:1272
Event: 3.364 Thread 0x012f7000 Threw 0x52fe8fd8 at /openjdk-6-6b34-1.13.6.new/build/openjdk/hotspot/src/share/vm/classfile/systemDictionary.cpp:179
Event: 3.365 Thread 0x012f7000 Threw 0x52fe9268 at /openjdk-6-6b34-1.13.6.new/build/openjdk/hotspot/src/share/vm/prims/jvm.cpp:1272

Events (10 events):
Event: 3.646 loading class 0x01584a78 done
Event: 3.648 loading class 0x0159ead0
Event: 3.649 loading class 0x0159ead0 done
Event: 3.649 loading class 0x013ffb70
Event: 3.650 loading class 0x013ffb70 done
Event: 3.651 loading class 0x013ff750
Event: 3.652 loading class 0x013ff750 done
Event: 3.654 loading class 0x01536f88
Event: 3.655 loading class 0x01536f88 done
Event: 3.656 Executing VM operation: GenCollectForAllocation


Dynamic libraries:
00008000-00012000 r-xp 00000000 b3:06 536483     /usr/lib/jvm/java-6-openjdk-armhf/jre/bin/java
00019000-0001a000 rw-p 00009000 b3:06 536483     /usr/lib/jvm/java-6-openjdk-armhf/jre/bin/java
012f0000-01605000 rw-p 00000000 00:00 0          [heap]
513c9000-5147b000 r-xp 00000000 b3:06 536418     /usr/lib/jvm/java-6-openjdk-armhf/jre/lib/arm/libmlib_image.so
5147b000-51482000 ---p 000b2000 b3:06 536418     /usr/lib/jvm/java-6-openjdk-armhf/jre/lib/arm/libmlib_image.so
51482000-51483000 rw-p 000b1000 b3:06 536418     /usr/lib/jvm/java-6-openjdk-armhf/jre/lib/arm/libmlib_image.so
51534000-51537000 ---p 00000000 00:00 0 
51537000-516b4000 rw-p 00000000 00:00 0          [stack:10036]
516b4000-516b7000 ---p 00000000 00:00 0 
516b7000-51834000 rw-p 00000000 00:00 0          [stack:10035]
51834000-51837000 ---p 00000000 00:00 0 
51837000-519b4000 rw-p 00000000 00:00 0          [stack:10034]
519b4000-519bb000 r--s 00000000 b3:06 135265     /var/cache/fontconfig/945677eb7aeaf62f1d50efc3fb3ec7d8-le32d8.cache-3
519bb000-519c3000 r--s 00000000 b3:06 135267     /var/cache/fontconfig/6d41288fd70b0be22e8c3a91e032eec0-le32d8.cache-3
519de000-519e4000 r-xp 00000000 b3:06 534048     /usr/lib/arm-linux-gnueabihf/libXrandr.so.2.2.0
519e4000-519eb000 ---p 00006000 b3:06 534048     /usr/lib/arm-linux-gnueabihf/libXrandr.so.2.2.0
519eb000-519ec000 rw-p 00005000 b3:06 534048     /usr/lib/arm-linux-gnueabihf/libXrandr.so.2.2.0
519ec000-519f3000 r--s 00000000 b3:06 135265     /var/cache/fontconfig/945677eb7aeaf62f1d50efc3fb3ec7d8-le32d8.cache-3
519f3000-519fb000 r--s 00000000 b3:06 135267     /var/cache/fontconfig/6d41288fd70b0be22e8c3a91e032eec0-le32d8.cache-3
519fb000-51a0b000 r--s 00000000 b3:06 135262     /var/cache/fontconfig/d52a8644073d54c13679302ca1180695-le32d8.cache-3
51a10000-51a15000 r--s 00000000 b3:06 135249     /var/cache/fontconfig/1c2c2997deddd45e0296fa5a60917b7d-le32d8.cache-3
51a15000-51a25000 r--s 00000000 b3:06 135262     /var/cache/fontconfig/d52a8644073d54c13679302ca1180695-le32d8.cache-3
51a30000-51a34000 r-xp 00000000 b3:06 533743     /usr/lib/arm-linux-gnueabihf/libXfixes.so.3.1.0
51a34000-51a3b000 ---p 00004000 b3:06 533743     /usr/lib/arm-linux-gnueabihf/libXfixes.so.3.1.0
51a3b000-51a3c000 r--p 00003000 b3:06 533743     /usr/lib/arm-linux-gnueabihf/libXfixes.so.3.1.0
51a3c000-51a3d000 rw-p 00004000 b3:06 533743     /usr/lib/arm-linux-gnueabihf/libXfixes.so.3.1.0
51a3d000-51a45000 r-xp 00000000 b3:06 534933     /usr/lib/arm-linux-gnueabihf/libXcursor.so.1.0.2
51a45000-51a4c000 ---p 00008000 b3:06 534933     /usr/lib/arm-linux-gnueabihf/libXcursor.so.1.0.2
51a4c000-51a4d000 rw-p 00007000 b3:06 534933     /usr/lib/arm-linux-gnueabihf/libXcursor.so.1.0.2
51a5c000-51a62000 r--s 00000000 b3:06 135253     /var/cache/fontconfig/3f7329c5293ffd510edef78f73874cfd-le32d8.cache-3
51a62000-51a69000 r--s 00000000 b3:06 135266     /var/cache/fontconfig/e13b20fdb08344e0e664864cc2ede53d-le32d8.cache-3
51a69000-51a6c000 ---p 00000000 00:00 0 
51a6c000-51be9000 rw-p 00000000 00:00 0          [stack:10032]
51be9000-51c08000 r-xp 00000000 b3:06 395950     /lib/arm-linux-gnueabihf/libpng12.so.0.49.0
51c08000-51c0f000 ---p 0001f000 b3:06 395950     /lib/arm-linux-gnueabihf/libpng12.so.0.49.0
51c0f000-51c10000 r--p 0001e000 b3:06 395950     /lib/arm-linux-gnueabihf/libpng12.so.0.49.0
51c10000-51c11000 rw-p 0001f000 b3:06 395950     /lib/arm-linux-gnueabihf/libpng12.so.0.49.0
51c11000-51c25000 r-xp 00000000 b3:06 395957     /lib/arm-linux-gnueabihf/libz.so.1.2.7
51c25000-51c2d000 ---p 00014000 b3:06 395957     /lib/arm-linux-gnueabihf/libz.so.1.2.7
51c2d000-51c2e000 r--p 00014000 b3:06 395957     /lib/arm-linux-gnueabihf/libz.so.1.2.7
51c2e000-51c2f000 rw-p 00015000 b3:06 395957     /lib/arm-linux-gnueabihf/libz.so.1.2.7
51c2f000-51cad000 r-xp 00000000 b3:06 534843     /usr/lib/arm-linux-gnueabihf/libfreetype.so.6.11.1
51cad000-51cb4000 ---p 0007e000 b3:06 534843     /usr/lib/arm-linux-gnueabihf/libfreetype.so.6.11.1
51cb4000-51cb7000 r--p 0007d000 b3:06 534843     /usr/lib/arm-linux-gnueabihf/libfreetype.so.6.11.1
51cb7000-51cb8000 rw-p 00080000 b3:06 534843     /usr/lib/arm-linux-gnueabihf/libfreetype.so.6.11.1
51cbc000-51cc1000 r--s 00000000 b3:06 135249     /var/cache/fontconfig/1c2c2997deddd45e0296fa5a60917b7d-le32d8.cache-3
51cc1000-51cc7000 r--s 00000000 b3:06 135253     /var/cache/fontconfig/3f7329c5293ffd510edef78f73874cfd-le32d8.cache-3
51cc7000-51d07000 r-xp 00000000 b3:06 536417     /usr/lib/jvm/java-6-openjdk-armhf/jre/lib/arm/libfontmanager.so
51d07000-51d0e000 ---p 00040000 b3:06 536417     /usr/lib/jvm/java-6-openjdk-armhf/jre/lib/arm/libfontmanager.so
51d0e000-51d10000 rw-p 0003f000 b3:06 536417     /usr/lib/jvm/java-6-openjdk-armhf/jre/lib/arm/libfontmanager.so
51d10000-51d14000 r-xp 00000000 b3:06 534798     /usr/lib/arm-linux-gnueabihf/libXdmcp.so.6.0.0
51d14000-51d1b000 ---p 00004000 b3:06 534798     /usr/lib/arm-linux-gnueabihf/libXdmcp.so.6.0.0
51d1b000-51d1c000 rw-p 00003000 b3:06 534798     /usr/lib/arm-linux-gnueabihf/libXdmcp.so.6.0.0
51d1c000-51d1e000 r-xp 00000000 b3:06 534728     /usr/lib/arm-linux-gnueabihf/libXau.so.6.0.0
51d1e000-51d25000 ---p 00002000 b3:06 534728     /usr/lib/arm-linux-gnueabihf/libXau.so.6.0.0
51d25000-51d26000 rw-p 00001000 b3:06 534728     /usr/lib/arm-linux-gnueabihf/libXau.so.6.0.0
51d26000-51d3c000 r-xp 00000000 b3:06 534341     /usr/lib/arm-linux-gnueabihf/libxcb.so.1.1.0
51d3c000-51d43000 ---p 00016000 b3:06 534341     /usr/lib/arm-linux-gnueabihf/libxcb.so.1.1.0
51d43000-51d44000 r--p 00015000 b3:06 534341     /usr/lib/arm-linux-gnueabihf/libxcb.so.1.1.0
51d44000-51d45000 rw-p 00016000 b3:06 534341     /usr/lib/arm-linux-gnueabihf/libxcb.so.1.1.0
51d45000-51d51000 r-xp 00000000 b3:06 534865     /usr/lib/arm-linux-gnueabihf/libXi.so.6.1.0
51d51000-51d58000 ---p 0000c000 b3:06 534865     /usr/lib/arm-linux-gnueabihf/libXi.so.6.1.0
51d58000-51d59000 rw-p 0000b000 b3:06 534865     /usr/lib/arm-linux-gnueabihf/libXi.so.6.1.0
51d59000-51d5d000 r-xp 00000000 b3:06 533733     /usr/lib/arm-linux-gnueabihf/libXtst.so.6.1.0
51d5d000-51d64000 ---p 00004000 b3:06 533733     /usr/lib/arm-linux-gnueabihf/libXtst.so.6.1.0
51d64000-51d65000 rw-p 00003000 b3:06 533733     /usr/lib/arm-linux-gnueabihf/libXtst.so.6.1.0
51d65000-51d6d000 r-xp 00000000 b3:06 534366     /usr/lib/arm-linux-gnueabihf/libXrender.so.1.3.0
51d6d000-51d74000 ---p 00008000 b3:06 534366     /usr/lib/arm-linux-gnueabihf/libXrender.so.1.3.0
51d74000-51d75000 rw-p 00007000 b3:06 534366     /usr/lib/arm-linux-gnueabihf/libXrender.so.1.3.0
51d75000-51e7e000 r-xp 00000000 b3:06 535182     /usr/lib/arm-linux-gnueabihf/libX11.so.6.3.0
51e7e000-51e85000 ---p 00109000 b3:06 535182     /usr/lib/arm-linux-gnueabihf/libX11.so.6.3.0
51e85000-51e89000 rw-p 00108000 b3:06 535182     /usr/lib/arm-linux-gnueabihf/libX11.so.6.3.0
51e89000-51e96000 r-xp 00000000 b3:06 534532     /usr/lib/arm-linux-gnueabihf/libXext.so.6.4.0
51e96000-51e9e000 ---p 0000d000 b3:06 534532     /usr/lib/arm-linux-gnueabihf/libXext.so.6.4.0
51e9e000-51e9f000 rw-p 0000d000 b3:06 534532     /usr/lib/arm-linux-gnueabihf/libXext.so.6.4.0
51ea0000-51ea7000 r--s 00000000 b3:06 135266     /var/cache/fontconfig/e13b20fdb08344e0e664864cc2ede53d-le32d8.cache-3
51ea7000-51eae000 r--s 00053000 b3:06 536366     /usr/lib/jvm/java-6-openjdk-common/jre/lib/resources.jar
51eae000-51f2e000 r-xp 00000000 b3:06 536433     /usr/lib/jvm/java-6-openjdk-armhf/jre/lib/arm/libawt.so
51f2e000-51f35000 ---p 00080000 b3:06 536433     /usr/lib/jvm/java-6-openjdk-armhf/jre/lib/arm/libawt.so
51f35000-51f3c000 rw-p 0007f000 b3:06 536433     /usr/lib/jvm/java-6-openjdk-armhf/jre/lib/arm/libawt.so
51f3c000-51f60000 rw-p 00000000 00:00 0 
51f60000-51f61000 ---p 00000000 00:00 0 
51f61000-52000000 rw-p 00000000 00:00 0          [stack:10030]
52000000-52003000 ---p 00000000 00:00 0 
52003000-52180000 rw-p 00000000 00:00 0          [stack:10029]
52180000-52183000 ---p 00000000 00:00 0 
52183000-52300000 rw-p 00000000 00:00 0          [stack:10028]
52300000-523d6000 rw-p 00000000 00:00 0 
523d6000-52400000 ---p 00000000 00:00 0 
52402000-52406000 r--s 00017000 b3:06 279999     /home/pi/Downloads/thumbnailator-0.4.8.jar
52406000-52446000 r-xp 00000000 b3:06 536576     /usr/lib/jvm/java-6-openjdk-armhf/jre/lib/arm/xawt/libmawt.so
52446000-52448000 rw-p 00040000 b3:06 536576     /usr/lib/jvm/java-6-openjdk-armhf/jre/lib/arm/xawt/libmawt.so
52448000-52471000 rw-p 00000000 00:00 0 
52471000-52475000 r--s 00078000 b3:06 536375     /usr/lib/jvm/java-6-openjdk-common/jre/lib/ext/localedata.jar
52475000-52479000 r--s 00039000 b3:06 536376     /usr/lib/jvm/java-6-openjdk-common/jre/lib/ext/sunpkcs11.jar
52479000-525f0000 r--p 00000000 b3:06 536050     /usr/lib/locale/locale-archive
525f0000-525f3000 ---p 00000000 00:00 0 
525f3000-52770000 rw-p 00000000 00:00 0          [stack:10027]
52770000-52773000 ---p 00000000 00:00 0 
52773000-528f0000 rw-p 00000000 00:00 0          [stack:10026]
528f0000-528f1000 ---p 00000000 00:00 0 
528f1000-529c4000 rw-p 00000000 00:00 0          [stack:10025]
529c4000-52b5b000 r--s 019e3000 b3:06 536408     /usr/lib/jvm/java-6-openjdk-armhf/jre/lib/rt.jar
52b5b000-52b5f000 rw-p 00000000 00:00 0 
52b5f000-52b7c000 rw-p 00000000 00:00 0 
52b7c000-52b81000 rw-p 00000000 00:00 0 
52b81000-52c17000 rw-p 00000000 00:00 0 
52c17000-52c1a000 rw-p 00000000 00:00 0 
52c1a000-52c64000 rw-p 00000000 00:00 0 
52c64000-52c6a000 rw-p 00000000 00:00 0 
52c6a000-52cff000 rw-p 00000000 00:00 0 
52cff000-52d03000 rw-p 00000000 00:00 0 
52d03000-52d1f000 rw-p 00000000 00:00 0 
52d1f000-531e0000 rw-p 00000000 00:00 0 
531e0000-5c7c0000 rw-p 00000000 00:00 0 
5c7c0000-5d180000 rw-p 00000000 00:00 0 
5d180000-6fd20000 rw-p 00000000 00:00 0 
6fd20000-703e0000 rw-p 00000000 00:00 0 
703e0000-73d20000 rw-p 00000000 00:00 0 
73d21000-73d23000 r--s 00001000 b3:06 536373     /usr/lib/jvm/java-6-openjdk-common/jre/lib/ext/dnsns.jar
73d23000-73d24000 rw-p 00000000 00:00 0 
73d24000-73da3000 rw-p 00000000 00:00 0 
73da3000-73dcb000 rwxp 00000000 00:00 0 
73dcb000-75da3000 rw-p 00000000 00:00 0 
75da3000-75db1000 r-xp 00000000 b3:06 536442     /usr/lib/jvm/java-6-openjdk-armhf/jre/lib/arm/libzip.so
75db1000-75db8000 ---p 0000e000 b3:06 536442     /usr/lib/jvm/java-6-openjdk-armhf/jre/lib/arm/libzip.so
75db8000-75dba000 rw-p 0000d000 b3:06 536442     /usr/lib/jvm/java-6-openjdk-armhf/jre/lib/arm/libzip.so
75dba000-75dc4000 r-xp 00000000 b3:06 395984     /lib/arm-linux-gnueabihf/libnss_files-2.13.so
75dc4000-75dcb000 ---p 0000a000 b3:06 395984     /lib/arm-linux-gnueabihf/libnss_files-2.13.so
75dcb000-75dcc000 r--p 00009000 b3:06 395984     /lib/arm-linux-gnueabihf/libnss_files-2.13.so
75dcc000-75dcd000 rw-p 0000a000 b3:06 395984     /lib/arm-linux-gnueabihf/libnss_files-2.13.so
75dcd000-75dd6000 r-xp 00000000 b3:06 395960     /lib/arm-linux-gnueabihf/libnss_nis-2.13.so
75dd6000-75ddd000 ---p 00009000 b3:06 395960     /lib/arm-linux-gnueabihf/libnss_nis-2.13.so
75ddd000-75dde000 r--p 00008000 b3:06 395960     /lib/arm-linux-gnueabihf/libnss_nis-2.13.so
75dde000-75ddf000 rw-p 00009000 b3:06 395960     /lib/arm-linux-gnueabihf/libnss_nis-2.13.so
75ddf000-75de5000 r-xp 00000000 b3:06 395999     /lib/arm-linux-gnueabihf/libnss_compat-2.13.so
75de5000-75dec000 ---p 00006000 b3:06 395999     /lib/arm-linux-gnueabihf/libnss_compat-2.13.so
75dec000-75ded000 r--p 00005000 b3:06 395999     /lib/arm-linux-gnueabihf/libnss_compat-2.13.so
75ded000-75dee000 rw-p 00006000 b3:06 395999     /lib/arm-linux-gnueabihf/libnss_compat-2.13.so
75dee000-75dff000 r-xp 00000000 b3:06 396047     /lib/arm-linux-gnueabihf/libnsl-2.13.so
75dff000-75e06000 ---p 00011000 b3:06 396047     /lib/arm-linux-gnueabihf/libnsl-2.13.so
75e06000-75e07000 r--p 00010000 b3:06 396047     /lib/arm-linux-gnueabihf/libnsl-2.13.so
75e07000-75e08000 rw-p 00011000 b3:06 396047     /lib/arm-linux-gnueabihf/libnsl-2.13.so
75e08000-75e0a000 rw-p 00000000 00:00 0 
75e0a000-75e2e000 r-xp 00000000 b3:06 536448     /usr/lib/jvm/java-6-openjdk-armhf/jre/lib/arm/libjava.so
75e2e000-75e36000 ---p 00024000 b3:06 536448     /usr/lib/jvm/java-6-openjdk-armhf/jre/lib/arm/libjava.so
75e36000-75e38000 rw-p 00024000 b3:06 536448     /usr/lib/jvm/java-6-openjdk-armhf/jre/lib/arm/libjava.so
75e38000-75e43000 r-xp 00000000 b3:06 536447     /usr/lib/jvm/java-6-openjdk-armhf/jre/lib/arm/libverify.so
75e43000-75e4b000 ---p 0000b000 b3:06 536447     /usr/lib/jvm/java-6-openjdk-armhf/jre/lib/arm/libverify.so
75e4b000-75e4c000 rw-p 0000b000 b3:06 536447     /usr/lib/jvm/java-6-openjdk-armhf/jre/lib/arm/libverify.so
75e4c000-75e52000 r-xp 00000000 b3:06 396111     /lib/arm-linux-gnueabihf/librt-2.13.so
75e52000-75e59000 ---p 00006000 b3:06 396111     /lib/arm-linux-gnueabihf/librt-2.13.so
75e59000-75e5a000 r--p 00005000 b3:06 396111     /lib/arm-linux-gnueabihf/librt-2.13.so
75e5a000-75e5b000 rw-p 00006000 b3:06 396111     /lib/arm-linux-gnueabihf/librt-2.13.so
75e5b000-75e5f000 ---p 00000000 00:00 0 
75e5f000-75fdb000 rw-p 00000000 00:00 0          [stack:10023]
75fdb000-767db000 rwxp 00000000 00:00 0 
767db000-767fb000 r-xp 00000000 b3:06 396136     /lib/arm-linux-gnueabihf/libgcc_s.so.1
767fb000-76802000 ---p 00020000 b3:06 396136     /lib/arm-linux-gnueabihf/libgcc_s.so.1
76802000-76803000 rw-p 0001f000 b3:06 396136     /lib/arm-linux-gnueabihf/libgcc_s.so.1
76803000-7686b000 r-xp 00000000 b3:06 395944     /lib/arm-linux-gnueabihf/libm-2.13.so
7686b000-76872000 ---p 00068000 b3:06 395944     /lib/arm-linux-gnueabihf/libm-2.13.so
76872000-76873000 r--p 00067000 b3:06 395944     /lib/arm-linux-gnueabihf/libm-2.13.so
76873000-76874000 rw-p 00068000 b3:06 395944     /lib/arm-linux-gnueabihf/libm-2.13.so
76874000-76933000 r-xp 00000000 b3:06 534692     /usr/lib/arm-linux-gnueabihf/libstdc++.so.6.0.19
76933000-7693a000 ---p 000bf000 b3:06 534692     /usr/lib/arm-linux-gnueabihf/libstdc++.so.6.0.19
7693a000-7693e000 r--p 000be000 b3:06 534692     /usr/lib/arm-linux-gnueabihf/libstdc++.so.6.0.19
7693e000-76940000 rw-p 000c2000 b3:06 534692     /usr/lib/arm-linux-gnueabihf/libstdc++.so.6.0.19
76940000-76946000 rw-p 00000000 00:00 0 
76946000-76d4b000 r-xp 00000000 b3:06 536423     /usr/lib/jvm/java-6-openjdk-armhf/jre/lib/arm/server/libjvm.so
76d4b000-76d53000 ---p 00405000 b3:06 536423     /usr/lib/jvm/java-6-openjdk-armhf/jre/lib/arm/server/libjvm.so
76d53000-76d72000 rw-p 00405000 b3:06 536423     /usr/lib/jvm/java-6-openjdk-armhf/jre/lib/arm/server/libjvm.so
76d72000-76dcd000 rw-p 00000000 00:00 0 
76dcd000-76ef1000 r-xp 00000000 b3:06 395977     /lib/arm-linux-gnueabihf/libc-2.13.so
76ef1000-76ef8000 ---p 00124000 b3:06 395977     /lib/arm-linux-gnueabihf/libc-2.13.so
76ef8000-76efa000 r--p 00123000 b3:06 395977     /lib/arm-linux-gnueabihf/libc-2.13.so
76efa000-76efb000 rw-p 00125000 b3:06 395977     /lib/arm-linux-gnueabihf/libc-2.13.so
76efb000-76efe000 rw-p 00000000 00:00 0 
76efe000-76f00000 r-xp 00000000 b3:06 396143     /lib/arm-linux-gnueabihf/libdl-2.13.so
76f00000-76f07000 ---p 00002000 b3:06 396143     /lib/arm-linux-gnueabihf/libdl-2.13.so
76f07000-76f08000 r--p 00001000 b3:06 396143     /lib/arm-linux-gnueabihf/libdl-2.13.so
76f08000-76f09000 rw-p 00002000 b3:06 396143     /lib/arm-linux-gnueabihf/libdl-2.13.so
76f09000-76f10000 r-xp 00000000 b3:06 536446     /usr/lib/jvm/java-6-openjdk-armhf/jre/lib/arm/jli/libjli.so
76f10000-76f17000 ---p 00007000 b3:06 536446     /usr/lib/jvm/java-6-openjdk-armhf/jre/lib/arm/jli/libjli.so
76f17000-76f19000 rw-p 00006000 b3:06 536446     /usr/lib/jvm/java-6-openjdk-armhf/jre/lib/arm/jli/libjli.so
76f19000-76f2d000 r-xp 00000000 b3:06 396110     /lib/arm-linux-gnueabihf/libpthread-2.13.so
76f2d000-76f34000 ---p 00014000 b3:06 396110     /lib/arm-linux-gnueabihf/libpthread-2.13.so
76f34000-76f35000 r--p 00013000 b3:06 396110     /lib/arm-linux-gnueabihf/libpthread-2.13.so
76f35000-76f36000 rw-p 00014000 b3:06 396110     /lib/arm-linux-gnueabihf/libpthread-2.13.so
76f36000-76f38000 rw-p 00000000 00:00 0 
76f39000-76f3b000 r--s 0000f000 b3:06 536377     /usr/lib/jvm/java-6-openjdk-common/jre/lib/ext/pulse-java.jar
76f3b000-76f3f000 r--s 00031000 b3:06 536374     /usr/lib/jvm/java-6-openjdk-common/jre/lib/ext/sunjce_provider.jar
76f3f000-76f47000 rw-s 00000000 b3:06 281461     /tmp/hsperfdata_pi/10019
76f47000-76f49000 r-xp 00000000 b3:06 535266     /usr/lib/arm-linux-gnueabihf/libcofi_rpi.so
76f49000-76f50000 ---p 00002000 b3:06 535266     /usr/lib/arm-linux-gnueabihf/libcofi_rpi.so
76f50000-76f51000 rw-p 00001000 b3:06 535266     /usr/lib/arm-linux-gnueabihf/libcofi_rpi.so
76f51000-76f6e000 r-xp 00000000 b3:06 396029     /lib/arm-linux-gnueabihf/ld-2.13.so
76f6e000-76f6f000 r--s 00007000 b3:06 673660     /usr/share/java/java-atk-wrapper.jar
76f6f000-76f70000 rw-p 00000000 00:00 0 
76f70000-76f71000 ---p 00000000 00:00 0 
76f71000-76f74000 rw-p 00000000 00:00 0 
76f74000-76f76000 rw-p 00000000 00:00 0 
76f76000-76f77000 r--p 0001d000 b3:06 396029     /lib/arm-linux-gnueabihf/ld-2.13.so
76f77000-76f78000 rw-p 0001e000 b3:06 396029     /lib/arm-linux-gnueabihf/ld-2.13.so
7e842000-7e863000 rw-p 00000000 00:00 0          [stack]
7edb8000-7edb9000 r-xp 00000000 00:00 0          [sigpage]
ffff0000-ffff1000 r-xp 00000000 00:00 0          [vectors]

VM Arguments:
jvm_args: -Dfile.encoding=UTF-8 
java_command: Main
Launcher Type: SUN_STANDARD

Environment Variables:
PATH=/usr/local/sbin:/usr/local/bin:/usr/sbin:/usr/bin:/sbin:/bin:/usr/local/games:/usr/games
LD_LIBRARY_PATH=/usr/lib/jvm/java-6-openjdk-armhf/jre/lib/arm/server:/usr/lib/jvm/java-6-openjdk-armhf/jre/lib/arm:/usr/lib/jvm/java-6-openjdk-armhf/jre/../lib/arm
SHELL=/bin/bash
DISPLAY=:0.0

Signal Handlers:
SIGSEGV: [libjvm.so+0x3b56e0], sa_mask[0]=0x7ffbfeff, sa_flags=0x10000004
SIGBUS: [libjvm.so+0x3b56e0], sa_mask[0]=0x7ffbfeff, sa_flags=0x10000004
SIGFPE: [libjvm.so+0x2e8d2c], sa_mask[0]=0x7ffbfeff, sa_flags=0x10000004
SIGPIPE: [libjvm.so+0x2e8d2c], sa_mask[0]=0x7ffbfeff, sa_flags=0x10000004
SIGXFSZ: [libjvm.so+0x2e8d2c], sa_mask[0]=0x7ffbfeff, sa_flags=0x10000004
SIGILL: [libjvm.so+0x2e8d2c], sa_mask[0]=0x7ffbfeff, sa_flags=0x10000004
SIGUSR1: SIG_DFL, sa_mask[0]=0x00000000, sa_flags=0x00000000
SIGUSR2: [libjvm.so+0x2e8ef0], sa_mask[0]=0x00000004, sa_flags=0x10000004
SIGHUP: [libjvm.so+0x2e95fc], sa_mask[0]=0x7ffbfeff, sa_flags=0x10000004
SIGINT: [libjvm.so+0x2e95fc], sa_mask[0]=0x7ffbfeff, sa_flags=0x10000004
SIGTERM: [libjvm.so+0x2e95fc], sa_mask[0]=0x7ffbfeff, sa_flags=0x10000004
SIGQUIT: [libjvm.so+0x2e95fc], sa_mask[0]=0x7ffbfeff, sa_flags=0x10000004


---------------  S Y S T E M  ---------------

OS:7.8

uname:Linux 3.18.7-v7+ #755 SMP PREEMPT Thu Feb 12 17:20:48 GMT 2015 armv7l
libc:glibc 2.13 NPTL 2.13 
rlimit: STACK 8192k, CORE 0k, NPROC 7349, NOFILE 4096, AS infinity
load average:3.88 4.45 4.12

/proc/meminfo:
MemTotal:         949328 kB
MemFree:          199016 kB
MemAvailable:     460884 kB
Buffers:           33016 kB
Cached:           272484 kB
SwapCached:            0 kB
Active:           529944 kB
Inactive:         188848 kB
Active(anon):     413400 kB
Inactive(anon):    27900 kB
Active(file):     116544 kB
Inactive(file):   160948 kB
Unevictable:           0 kB
Mlocked:               0 kB
SwapTotal:        102396 kB
SwapFree:         102396 kB
Dirty:               132 kB
Writeback:             0 kB
AnonPages:        413392 kB
Mapped:           139672 kB
Shmem:             28012 kB
Slab:              17788 kB
SReclaimable:       9712 kB
SUnreclaim:         8076 kB
KernelStack:        2152 kB
PageTables:         3336 kB
NFS_Unstable:          0 kB
Bounce:                0 kB
WritebackTmp:          0 kB
CommitLimit:      577060 kB
Committed_AS:     970032 kB
VmallocTotal:    1105920 kB
VmallocUsed:        2388 kB
VmallocChunk:     876788 kB


CPU:total 4 

/proc/cpuinfo:
processor	: 0
model name	: ARMv7 Processor rev 5 (v7l)
BogoMIPS	: 57.60
Features	: half thumb fastmult vfp edsp neon vfpv3 tls vfpv4 idiva idivt vfpd32 lpae evtstrm 
CPU implementer	: 0x41
CPU architecture: 7
CPU variant	: 0x0
CPU part	: 0xc07
CPU revision	: 5

processor	: 1
model name	: ARMv7 Processor rev 5 (v7l)
BogoMIPS	: 57.60
Features	: half thumb fastmult vfp edsp neon vfpv3 tls vfpv4 idiva idivt vfpd32 lpae evtstrm 
CPU implementer	: 0x41
CPU architecture: 7
CPU variant	: 0x0
CPU part	: 0xc07
CPU revision	: 5

processor	: 2
model name	: ARMv7 Processor rev 5 (v7l)
BogoMIPS	: 57.60
Features	: half thumb fastmult vfp edsp neon vfpv3 tls vfpv4 idiva idivt vfpd32 lpae evtstrm 
CPU implementer	: 0x41
CPU architecture: 7
CPU variant	: 0x0
CPU part	: 0xc07
CPU revision	: 5

processor	: 3
model name	: ARMv7 Processor rev 5 (v7l)
BogoMIPS	: 57.60
Features	: half thumb fastmult vfp edsp neon vfpv3 tls vfpv4 idiva idivt vfpd32 lpae evtstrm 
CPU implementer	: 0x41
CPU architecture: 7
CPU variant	: 0x0
CPU part	: 0xc07
CPU revision	: 5

Hardware	: BCM2709
Revision	: a01041
Serial		: 0000000063c1497d


Memory: 4k page, physical 949328k(199016k free), swap 102396k(102396k free)

vm_info: OpenJDK Zero VM (23.25-b01) for linux-arm-vfp JRE (1.6.0_34-b34), built on Feb  1 2015 07:15:48 by "root" with gcc 4.7.2

time: Sun Jun 28 20:39:18 2015
elapsed time: 3 seconds

